#
# There is insufficient memory for the Java Runtime Environment to continue.
# Native memory allocation (malloc) failed to allocate 1688912 bytes for Chunk::new
# Possible reasons:
#   The system is out of physical RAM or swap space
#   The process is running with CompressedOops enabled, and the Java Heap may be blocking the growth of the native heap
# Possible solutions:
#   Reduce memory load on the system
#   Increase physical memory or swap space
#   Check if swap backing store is full
#   Decrease Java heap size (-Xmx/-Xms)
#   Decrease number of Java threads
#   Decrease Java thread stack sizes (-Xss)
#   Set larger code cache with -XX:ReservedCodeCacheSize=
#   JVM is running with Unscaled Compressed Oops mode in which the Java heap is
#     placed in the first 4GB address space. The Java Heap base address is the
#     maximum limit for the native heap growth. Please use -XX:HeapBaseMinAddress
#     to set the Java Heap base and to place the Java Heap above 4GB virtual address.
# This output file may be truncated or incomplete.
#
#  Out of Memory Error (arena.cpp:191), pid=18336, tid=20180
#
# JRE version: OpenJDK Runtime Environment Temurin-17.0.10+7 (17.0.10+7) (build 17.0.10+7)
# Java VM: OpenJDK 64-Bit Server VM Temurin-17.0.10+7 (17.0.10+7, mixed mode, tiered, compressed oops, compressed class ptrs, parallel gc, windows-amd64)
# No core dump will be written. Minidumps are not enabled by default on client versions of Windows
#

---------------  S U M M A R Y ------------

Command Line: --add-modules=ALL-SYSTEM --add-opens=java.base/java.util=ALL-UNNAMED --add-opens=java.base/java.lang=ALL-UNNAMED --add-opens=java.base/sun.nio.fs=ALL-UNNAMED -Declipse.application=org.eclipse.jdt.ls.core.id1 -Dosgi.bundles.defaultStartLevel=4 -Declipse.product=org.eclipse.jdt.ls.core.product -Djava.import.generatesMetadataFilesAtProjectRoot=false -DDetectVMInstallationsJob.disabled=true -Dfile.encoding=utf8 -XX:+UseParallelGC -XX:GCTimeRatio=4 -XX:AdaptiveSizePolicyWeight=90 -Dsun.zip.disableMemoryMapping=true -Xmx1G -Xms100m -Xlog:disable -javaagent:c:\Users\kei02\.vscode\extensions\redhat.java-1.30.0-win32-x64\lombok\lombok-1.18.32.jar -XX:+HeapDumpOnOutOfMemoryError -XX:HeapDumpPath=c:\Users\kei02\AppData\Roaming\Code\User\workspaceStorage\7f6d1856fb09382bce22522fa1089d21\redhat.java -Daether.dependencyCollector.impl=bf c:\Users\kei02\.vscode\extensions\redhat.java-1.30.0-win32-x64\server\plugins\org.eclipse.equinox.launcher_1.6.800.v20240330-1250.jar -configuration c:\Users\kei02\AppData\Roaming\Code\User\globalStorage\redhat.java\1.30.0\config_win -data c:\Users\kei02\AppData\Roaming\Code\User\workspaceStorage\7f6d1856fb09382bce22522fa1089d21\redhat.java\jdt_ws --pipe=\\.\pipe\lsp-6d7be0f17c7eb9cdc3cbb260c96cb941-sock

Host: Intel(R) Core(TM) i5-8265U CPU @ 1.60GHz, 8 cores, 7G,  Windows 11 , 64 bit Build 22621 (10.0.22621.3527)
Time: Mon May 27 10:21:04 2024  Windows 11 , 64 bit Build 22621 (10.0.22621.3527) elapsed time: 47.734132 seconds (0d 0h 0m 47s)

---------------  T H R E A D  ---------------

Current thread (0x00000256257d9830):  JavaThread "C2 CompilerThread0" daemon [_thread_in_native, id=20180, stack(0x0000008ec7600000,0x0000008ec7700000)]


Current CompileTask:
C2:  47734 7920       4       org.eclipse.jdt.internal.core.search.indexing.BinaryIndexer::extractReferenceFromConstantPool (358 bytes)

Stack: [0x0000008ec7600000,0x0000008ec7700000]
Native frames: (J=compiled Java code, j=interpreted, Vv=VM code, C=native code)
V  [jvm.dll+0x67d2c9]
V  [jvm.dll+0x834afa]
V  [jvm.dll+0x8365be]
V  [jvm.dll+0x836c23]
V  [jvm.dll+0x2477ff]
V  [jvm.dll+0xac514]
V  [jvm.dll+0xacb5c]
V  [jvm.dll+0x3667d7]
V  [jvm.dll+0x1bcd86]
V  [jvm.dll+0x21a049]
V  [jvm.dll+0x219311]
V  [jvm.dll+0x1a502d]
V  [jvm.dll+0x2290de]
V  [jvm.dll+0x2272ac]
V  [jvm.dll+0x7e9bb7]
V  [jvm.dll+0x7e3fba]
V  [jvm.dll+0x67c1b5]
C  [ucrtbase.dll+0x29333]
C  [KERNEL32.DLL+0x1257d]
C  [ntdll.dll+0x5aa48]


---------------  P R O C E S S  ---------------

Threads class SMR info:
_java_thread_list=0x0000025628f13d40, length=40, elements={
0x000002560c89e060, 0x0000025620723010, 0x0000025620723bd0, 0x000002562072ae70,
0x000002562072b940, 0x000002562072cd40, 0x000002562072e140, 0x00000256257d9830,
0x0000025625835140, 0x000002562583f660, 0x00000256258c7a50, 0x0000025625b2d2c0,
0x0000025626e89690, 0x0000025626f10410, 0x0000025626f108f0, 0x0000025626c7f3b0,
0x0000025627307fe0, 0x0000025625b631a0, 0x0000025625b60920, 0x0000025625b62780,
0x0000025625b5f9f0, 0x0000025625b60410, 0x0000025625b60e30, 0x0000025625b61850,
0x0000025625b61d60, 0x0000025625b62270, 0x0000025628e563d0, 0x0000025628e54060,
0x0000025628e57300, 0x0000025628e5a090, 0x0000025628e559b0, 0x0000025628e5a5a0,
0x0000025628e59670, 0x0000025628e5aab0, 0x0000025628e54f90, 0x0000025628e59b80,
0x0000025628e58c50, 0x0000025628e5b9e0, 0x0000025628e54570, 0x0000025628e5afc0
}

Java Threads: ( => current thread )
  0x000002560c89e060 JavaThread "main" [_thread_blocked, id=964, stack(0x0000008ec6c00000,0x0000008ec6d00000)]
  0x0000025620723010 JavaThread "Reference Handler" daemon [_thread_blocked, id=4816, stack(0x0000008ec6f00000,0x0000008ec7000000)]
  0x0000025620723bd0 JavaThread "Finalizer" daemon [_thread_blocked, id=22184, stack(0x0000008ec7000000,0x0000008ec7100000)]
  0x000002562072ae70 JavaThread "Signal Dispatcher" daemon [_thread_blocked, id=12696, stack(0x0000008ec7200000,0x0000008ec7300000)]
  0x000002562072b940 JavaThread "Attach Listener" daemon [_thread_blocked, id=18756, stack(0x0000008ec7300000,0x0000008ec7400000)]
  0x000002562072cd40 JavaThread "Service Thread" daemon [_thread_blocked, id=30972, stack(0x0000008ec7400000,0x0000008ec7500000)]
  0x000002562072e140 JavaThread "Monitor Deflation Thread" daemon [_thread_blocked, id=11140, stack(0x0000008ec7500000,0x0000008ec7600000)]
=>0x00000256257d9830 JavaThread "C2 CompilerThread0" daemon [_thread_in_native, id=20180, stack(0x0000008ec7600000,0x0000008ec7700000)]
  0x0000025625835140 JavaThread "C1 CompilerThread0" daemon [_thread_blocked, id=1760, stack(0x0000008ec7700000,0x0000008ec7800000)]
  0x000002562583f660 JavaThread "Sweeper thread" daemon [_thread_blocked, id=32016, stack(0x0000008ec7800000,0x0000008ec7900000)]
  0x00000256258c7a50 JavaThread "Common-Cleaner" daemon [_thread_blocked, id=28460, stack(0x0000008ec7900000,0x0000008ec7a00000)]
  0x0000025625b2d2c0 JavaThread "Notification Thread" daemon [_thread_blocked, id=29308, stack(0x0000008ec7a00000,0x0000008ec7b00000)]
  0x0000025626e89690 JavaThread "Active Thread: Equinox Container: 3658da15-c9b2-42fe-8377-b6a994d7aad7" [_thread_blocked, id=16580, stack(0x0000008ec8200000,0x0000008ec8300000)]
  0x0000025626f10410 JavaThread "Framework Event Dispatcher: Equinox Container: 3658da15-c9b2-42fe-8377-b6a994d7aad7" daemon [_thread_blocked, id=32276, stack(0x0000008ec8300000,0x0000008ec8400000)]
  0x0000025626f108f0 JavaThread "Start Level: Equinox Container: 3658da15-c9b2-42fe-8377-b6a994d7aad7" daemon [_thread_blocked, id=18364, stack(0x0000008ec8400000,0x0000008ec8500000)]
  0x0000025626c7f3b0 JavaThread "Bundle File Closer" daemon [_thread_blocked, id=1804, stack(0x0000008ec8600000,0x0000008ec8700000)]
  0x0000025627307fe0 JavaThread "SCR Component Actor" daemon [_thread_blocked, id=5736, stack(0x0000008ec8700000,0x0000008ec8800000)]
  0x0000025625b631a0 JavaThread "Worker-JM" [_thread_blocked, id=30172, stack(0x0000008ec8900000,0x0000008ec8a00000)]
  0x0000025625b60920 JavaThread "Worker-0: Java indexing... " [_thread_blocked, id=30124, stack(0x0000008ec8a00000,0x0000008ec8b00000)]
  0x0000025625b62780 JavaThread "Worker-1" [_thread_blocked, id=30096, stack(0x0000008ec8b00000,0x0000008ec8c00000)]
  0x0000025625b5f9f0 JavaThread "Worker-2" [_thread_blocked, id=7648, stack(0x0000008ec8c00000,0x0000008ec8d00000)]
  0x0000025625b60410 JavaThread "Java indexing" daemon [_thread_in_Java, id=14360, stack(0x0000008ec8d00000,0x0000008ec8e00000)]
  0x0000025625b60e30 JavaThread "Worker-3: Initialize Workspace" [_thread_blocked, id=29156, stack(0x0000008ec8e00000,0x0000008ec8f00000)]
  0x0000025625b61850 JavaThread "JNA Cleaner" daemon [_thread_blocked, id=29044, stack(0x0000008ec8f00000,0x0000008ec9000000)]
  0x0000025625b61d60 JavaThread "Thread-2" daemon [_thread_in_native, id=7708, stack(0x0000008ec9200000,0x0000008ec9300000)]
  0x0000025625b62270 JavaThread "Thread-3" daemon [_thread_in_native, id=4304, stack(0x0000008ec9300000,0x0000008ec9400000)]
  0x0000025628e563d0 JavaThread "Thread-4" daemon [_thread_in_native, id=28704, stack(0x0000008ec9400000,0x0000008ec9500000)]
  0x0000025628e54060 JavaThread "Thread-5" daemon [_thread_in_native, id=6132, stack(0x0000008ec9500000,0x0000008ec9600000)]
  0x0000025628e57300 JavaThread "Thread-6" daemon [_thread_in_native, id=23500, stack(0x0000008ec9600000,0x0000008ec9700000)]
  0x0000025628e5a090 JavaThread "Thread-7" daemon [_thread_in_native, id=14092, stack(0x0000008ec9700000,0x0000008ec9800000)]
  0x0000025628e559b0 JavaThread "Thread-8" daemon [_thread_in_native, id=31360, stack(0x0000008ec9800000,0x0000008ec9900000)]
  0x0000025628e5a5a0 JavaThread "Thread-9" daemon [_thread_in_native, id=24680, stack(0x0000008ec9900000,0x0000008ec9a00000)]
  0x0000025628e59670 JavaThread "Thread-10" daemon [_thread_in_native, id=6136, stack(0x0000008ec9a00000,0x0000008ec9b00000)]
  0x0000025628e5aab0 JavaThread "pool-2-thread-1" [_thread_blocked, id=17276, stack(0x0000008ec9b00000,0x0000008ec9c00000)]
  0x0000025628e54f90 JavaThread "WorkspaceEventsHandler" [_thread_blocked, id=30052, stack(0x0000008ec9c00000,0x0000008ec9d00000)]
  0x0000025628e59b80 JavaThread "pool-1-thread-1" [_thread_blocked, id=4596, stack(0x0000008ec9d00000,0x0000008ec9e00000)]
  0x0000025628e58c50 JavaThread "Worker-4" [_thread_blocked, id=29516, stack(0x0000008ec8800000,0x0000008ec8900000)]
  0x0000025628e5b9e0 JavaThread "pool-3-thread-1" [_thread_in_native, id=25024, stack(0x0000008ec9e00000,0x0000008ec9f00000)]
  0x0000025628e54570 JavaThread "Worker-5" [_thread_blocked, id=11252, stack(0x0000008ec9f00000,0x0000008eca000000)]
  0x0000025628e5afc0 JavaThread "Worker-6" [_thread_blocked, id=24212, stack(0x0000008eca000000,0x0000008eca100000)]

Other Threads:
  0x000002560c949870 VMThread "VM Thread" [stack: 0x0000008ec6e00000,0x0000008ec6f00000] [id=10652]
  0x0000025625b2d7a0 WatcherThread [stack: 0x0000008ec7b00000,0x0000008ec7c00000] [id=22180]
  0x000002560c8b1790 GCTaskThread "GC Thread#0" [stack: 0x0000008ec6d00000,0x0000008ec6e00000] [id=11512]
  0x0000025626f1fbf0 GCTaskThread "GC Thread#1" [stack: 0x0000008ec7c00000,0x0000008ec7d00000] [id=17572]
  0x0000025626da3430 GCTaskThread "GC Thread#2" [stack: 0x0000008ec7d00000,0x0000008ec7e00000] [id=29660]
  0x0000025626a47040 GCTaskThread "GC Thread#3" [stack: 0x0000008ec7e00000,0x0000008ec7f00000] [id=13472]
  0x0000025626a47300 GCTaskThread "GC Thread#4" [stack: 0x0000008ec7f00000,0x0000008ec8000000] [id=18864]
  0x0000025626a475c0 GCTaskThread "GC Thread#5" [stack: 0x0000008ec8000000,0x0000008ec8100000] [id=9668]
  0x0000025626a47880 GCTaskThread "GC Thread#6" [stack: 0x0000008ec8100000,0x0000008ec8200000] [id=7880]
  0x0000025625a164a0 GCTaskThread "GC Thread#7" [stack: 0x0000008ec8500000,0x0000008ec8600000] [id=3976]

Threads with active compile tasks:
C2 CompilerThread0    47841 7920       4       org.eclipse.jdt.internal.core.search.indexing.BinaryIndexer::extractReferenceFromConstantPool (358 bytes)

VM state: not at safepoint (normal execution)

VM Mutex/Monitor currently owned by a thread: None

Heap address: 0x00000000c0000000, size: 1024 MB, Compressed Oops mode: 32-bit

CDS archive(s) not mapped
Compressed class space mapped at: 0x0000000100000000-0x0000000140000000, reserved size: 1073741824
Narrow klass base: 0x0000000000000000, Narrow klass shift: 3, Narrow klass range: 0x140000000

GC Precious Log:
 CPUs: 8 total, 8 available
 Memory: 8048M
 Large Page Support: Disabled
 NUMA Support: Disabled
 Compressed Oops: Enabled (32-bit)
 Alignments: Space 512K, Generation 512K, Heap 2M
 Heap Min Capacity: 100M
 Heap Initial Capacity: 100M
 Heap Max Capacity: 1G
 Pre-touch: Disabled
 Parallel Workers: 8

Heap:
 PSYoungGen      total 17408K, used 8602K [0x00000000eab00000, 0x00000000ebf80000, 0x0000000100000000)
  eden space 13824K, 38% used [0x00000000eab00000,0x00000000eb03dbb0,0x00000000eb880000)
  from space 3584K, 90% used [0x00000000ebc00000,0x00000000ebf28d08,0x00000000ebf80000)
  to   space 3584K, 0% used [0x00000000eb880000,0x00000000eb880000,0x00000000ebc00000)
 ParOldGen       total 89600K, used 60745K [0x00000000c0000000, 0x00000000c5780000, 0x00000000eab00000)
  object space 89600K, 67% used [0x00000000c0000000,0x00000000c3b526d0,0x00000000c5780000)
 Metaspace       used 55642K, committed 56704K, reserved 1114112K
  class space    used 5904K, committed 6336K, reserved 1048576K

Card table byte_map: [0x000002560c260000,0x000002560c470000] _byte_map_base: 0x000002560bc60000

Marking Bits: (ParMarkBitMap*) 0x00007ff9ffe7d7d0
 Begin Bits: [0x000002561e530000, 0x000002561f530000)
 End Bits:   [0x000002561f530000, 0x0000025620530000)

Polling page: 0x000002560c050000

Metaspace:

Usage:
  Non-class:     48.57 MB used.
      Class:      5.77 MB used.
       Both:     54.34 MB used.

Virtual space:
  Non-class space:       64.00 MB reserved,      49.19 MB ( 77%) committed,  1 nodes.
      Class space:        1.00 GB reserved,       6.19 MB ( <1%) committed,  1 nodes.
             Both:        1.06 GB reserved,      55.38 MB (  5%) committed. 

Chunk freelists:
   Non-Class:  14.23 MB
       Class:  9.81 MB
        Both:  24.05 MB

MaxMetaspaceSize: unlimited
CompressedClassSpaceSize: 1.00 GB
Initial GC threshold: 21.00 MB
Current GC threshold: 92.31 MB
CDS: off
MetaspaceReclaimPolicy: balanced
 - commit_granule_bytes: 65536.
 - commit_granule_words: 8192.
 - virtual_space_node_default_size: 8388608.
 - enlarge_chunks_in_place: 1.
 - new_chunks_are_fully_committed: 0.
 - uncommit_free_chunks: 1.
 - use_allocation_guard: 0.
 - handle_deallocations: 1.


Internal statistics:

num_allocs_failed_limit: 6.
num_arena_births: 588.
num_arena_deaths: 18.
num_vsnodes_births: 2.
num_vsnodes_deaths: 0.
num_space_committed: 886.
num_space_uncommitted: 0.
num_chunks_returned_to_freelist: 24.
num_chunks_taken_from_freelist: 2731.
num_chunk_merges: 5.
num_chunk_splits: 1689.
num_chunks_enlarged: 1000.
num_inconsistent_stats: 0.

CodeHeap 'non-profiled nmethods': size=120000Kb used=2719Kb max_used=2719Kb free=117281Kb
 bounds [0x0000025617000000, 0x00000256172b0000, 0x000002561e530000]
CodeHeap 'profiled nmethods': size=120000Kb used=14115Kb max_used=14115Kb free=105884Kb
 bounds [0x000002560f530000, 0x0000025610300000, 0x0000025616a60000]
CodeHeap 'non-nmethods': size=5760Kb used=1316Kb max_used=1392Kb free=4443Kb
 bounds [0x0000025616a60000, 0x0000025616cd0000, 0x0000025617000000]
 total_blobs=7560 nmethods=6910 adapters=563
 compilation: enabled
              stopped_count=0, restarted_count=0
 full_count=0

Compilation events (20 events):
Event: 45.318 Thread 0x00000256257d9830 nmethod 7906% 0x0000025617289990 code [0x000002561728a020, 0x0000025617293498]
Event: 45.323 Thread 0x00000256257d9830 7898 %     4       java.net.URI$Parser::scan @ 3 (41 bytes)
Event: 45.340 Thread 0x00000256257d9830 nmethod 7898% 0x0000025617298610 code [0x00000256172987c0, 0x0000025617298b78]
Event: 45.340 Thread 0x00000256257d9830 7915 % !   4       org.eclipse.jdt.internal.compiler.classfmt.ClassFileReader::<init> @ 1178 (2158 bytes)
Event: 45.453 Thread 0x0000025625835140 7922       2       org.eclipse.jdt.internal.compiler.util.Util::scanTypeSignature (206 bytes)
Event: 45.454 Thread 0x0000025625835140 nmethod 7922 0x00000256102f6810 code [0x00000256102f6ae0, 0x00000256102f7418]
Event: 45.764 Thread 0x0000025625835140 7925 %     3       org.eclipse.jdt.core.Signature::checkArrayDimension @ 5 (92 bytes)
Event: 45.765 Thread 0x0000025625835140 nmethod 7925% 0x00000256102f7890 code [0x00000256102f7a60, 0x00000256102f7eb8]
Event: 45.870 Thread 0x0000025625835140 7926 %     3       org.eclipse.jdt.core.Signature::encodeQualifiedName @ 9 (207 bytes)
Event: 45.873 Thread 0x0000025625835140 nmethod 7926% 0x00000256102f8010 code [0x00000256102f82a0, 0x00000256102f9218]
Event: 46.379 Thread 0x0000025625835140 7927       3       org.eclipse.jdt.internal.compiler.util.Util::scanIdentifier (71 bytes)
Event: 46.380 Thread 0x0000025625835140 nmethod 7927 0x00000256102f9810 code [0x00000256102f9a00, 0x00000256102f9fe8]
Event: 46.380 Thread 0x0000025625835140 7928       2       org.eclipse.jdt.internal.core.search.indexing.AbstractIndexer::addInterfaceDeclaration (86 bytes)
Event: 46.382 Thread 0x0000025625835140 nmethod 7928 0x00000256102fa210 code [0x00000256102fa440, 0x00000256102fa9d8]
Event: 46.563 Thread 0x0000025625835140 7929       1       org.eclipse.jdt.internal.compiler.classfmt.FieldInfoWithAnnotation::getAnnotations (5 bytes)
Event: 46.563 Thread 0x0000025625835140 nmethod 7929 0x0000025617298e90 code [0x0000025617299020, 0x00000256172990f8]
Event: 46.710 Thread 0x00000256257d9830 nmethod 7915% 0x0000025617299190 code [0x00000256172996a0, 0x00000256172a2130]
Event: 46.712 Thread 0x00000256257d9830 7924       4       org.eclipse.jdt.internal.core.search.indexing.BinaryIndexer::addTypeReference (92 bytes)
Event: 46.778 Thread 0x00000256257d9830 nmethod 7924 0x00000256172a6290 code [0x00000256172a64c0, 0x00000256172a7230]
Event: 46.778 Thread 0x00000256257d9830 7920       4       org.eclipse.jdt.internal.core.search.indexing.BinaryIndexer::extractReferenceFromConstantPool (358 bytes)

GC Heap History (20 events):
Event: 39.524 GC heap before
{Heap before GC invocations=35 (full 2):
 PSYoungGen      total 18432K, used 17811K [0x00000000eab00000, 0x00000000ebf80000, 0x0000000100000000)
  eden space 15872K, 100% used [0x00000000eab00000,0x00000000eba80000,0x00000000eba80000)
  from space 2560K, 75% used [0x00000000ebd00000,0x00000000ebee4d40,0x00000000ebf80000)
  to   space 2560K, 0% used [0x00000000eba80000,0x00000000eba80000,0x00000000ebd00000)
 ParOldGen       total 68608K, used 44301K [0x00000000c0000000, 0x00000000c4300000, 0x00000000eab00000)
  object space 68608K, 64% used [0x00000000c0000000,0x00000000c2b43788,0x00000000c4300000)
 Metaspace       used 55372K, committed 56448K, reserved 1114112K
  class space    used 5885K, committed 6336K, reserved 1048576K
}
Event: 39.531 GC heap after
{Heap after GC invocations=35 (full 2):
 PSYoungGen      total 18432K, used 2541K [0x00000000eab00000, 0x00000000ec480000, 0x0000000100000000)
  eden space 15872K, 0% used [0x00000000eab00000,0x00000000eab00000,0x00000000eba80000)
  from space 2560K, 99% used [0x00000000eba80000,0x00000000ebcfb520,0x00000000ebd00000)
  to   space 5120K, 0% used [0x00000000ebf80000,0x00000000ebf80000,0x00000000ec480000)
 ParOldGen       total 68608K, used 46084K [0x00000000c0000000, 0x00000000c4300000, 0x00000000eab00000)
  object space 68608K, 67% used [0x00000000c0000000,0x00000000c2d01178,0x00000000c4300000)
 Metaspace       used 55372K, committed 56448K, reserved 1114112K
  class space    used 5885K, committed 6336K, reserved 1048576K
}
Event: 40.038 GC heap before
{Heap before GC invocations=36 (full 2):
 PSYoungGen      total 18432K, used 18413K [0x00000000eab00000, 0x00000000ec480000, 0x0000000100000000)
  eden space 15872K, 100% used [0x00000000eab00000,0x00000000eba80000,0x00000000eba80000)
  from space 2560K, 99% used [0x00000000eba80000,0x00000000ebcfb520,0x00000000ebd00000)
  to   space 5120K, 0% used [0x00000000ebf80000,0x00000000ebf80000,0x00000000ec480000)
 ParOldGen       total 68608K, used 46084K [0x00000000c0000000, 0x00000000c4300000, 0x00000000eab00000)
  object space 68608K, 67% used [0x00000000c0000000,0x00000000c2d01178,0x00000000c4300000)
 Metaspace       used 55533K, committed 56512K, reserved 1114112K
  class space    used 5895K, committed 6336K, reserved 1048576K
}
Event: 40.043 GC heap after
{Heap after GC invocations=36 (full 2):
 PSYoungGen      total 18432K, used 2372K [0x00000000eab00000, 0x00000000ec200000, 0x0000000100000000)
  eden space 15872K, 0% used [0x00000000eab00000,0x00000000eab00000,0x00000000eba80000)
  from space 2560K, 92% used [0x00000000ebf80000,0x00000000ec1d1330,0x00000000ec200000)
  to   space 3584K, 0% used [0x00000000ebb00000,0x00000000ebb00000,0x00000000ebe80000)
 ParOldGen       total 68608K, used 48560K [0x00000000c0000000, 0x00000000c4300000, 0x00000000eab00000)
  object space 68608K, 70% used [0x00000000c0000000,0x00000000c2f6c310,0x00000000c4300000)
 Metaspace       used 55533K, committed 56512K, reserved 1114112K
  class space    used 5895K, committed 6336K, reserved 1048576K
}
Event: 40.307 GC heap before
{Heap before GC invocations=37 (full 2):
 PSYoungGen      total 18432K, used 18207K [0x00000000eab00000, 0x00000000ec200000, 0x0000000100000000)
  eden space 15872K, 99% used [0x00000000eab00000,0x00000000eba76b18,0x00000000eba80000)
  from space 2560K, 92% used [0x00000000ebf80000,0x00000000ec1d1330,0x00000000ec200000)
  to   space 3584K, 0% used [0x00000000ebb00000,0x00000000ebb00000,0x00000000ebe80000)
 ParOldGen       total 68608K, used 48560K [0x00000000c0000000, 0x00000000c4300000, 0x00000000eab00000)
  object space 68608K, 70% used [0x00000000c0000000,0x00000000c2f6c310,0x00000000c4300000)
 Metaspace       used 55568K, committed 56576K, reserved 1114112K
  class space    used 5895K, committed 6336K, reserved 1048576K
}
Event: 40.311 GC heap after
{Heap after GC invocations=37 (full 2):
 PSYoungGen      total 19456K, used 3578K [0x00000000eab00000, 0x00000000ec880000, 0x0000000100000000)
  eden space 15872K, 0% used [0x00000000eab00000,0x00000000eab00000,0x00000000eba80000)
  from space 3584K, 99% used [0x00000000ebb00000,0x00000000ebe7eb20,0x00000000ebe80000)
  to   space 7168K, 0% used [0x00000000ec180000,0x00000000ec180000,0x00000000ec880000)
 ParOldGen       total 68608K, used 51266K [0x00000000c0000000, 0x00000000c4300000, 0x00000000eab00000)
  object space 68608K, 74% used [0x00000000c0000000,0x00000000c3210810,0x00000000c4300000)
 Metaspace       used 55568K, committed 56576K, reserved 1114112K
  class space    used 5895K, committed 6336K, reserved 1048576K
}
Event: 40.491 GC heap before
{Heap before GC invocations=38 (full 2):
 PSYoungGen      total 19456K, used 19450K [0x00000000eab00000, 0x00000000ec880000, 0x0000000100000000)
  eden space 15872K, 100% used [0x00000000eab00000,0x00000000eba80000,0x00000000eba80000)
  from space 3584K, 99% used [0x00000000ebb00000,0x00000000ebe7eb20,0x00000000ebe80000)
  to   space 7168K, 0% used [0x00000000ec180000,0x00000000ec180000,0x00000000ec880000)
 ParOldGen       total 68608K, used 51266K [0x00000000c0000000, 0x00000000c4300000, 0x00000000eab00000)
  object space 68608K, 74% used [0x00000000c0000000,0x00000000c3210810,0x00000000c4300000)
 Metaspace       used 55633K, committed 56704K, reserved 1114112K
  class space    used 5904K, committed 6336K, reserved 1048576K
}
Event: 40.496 GC heap after
{Heap after GC invocations=38 (full 2):
 PSYoungGen      total 19968K, used 3666K [0x00000000eab00000, 0x00000000ec580000, 0x0000000100000000)
  eden space 15872K, 0% used [0x00000000eab00000,0x00000000eab00000,0x00000000eba80000)
  from space 4096K, 89% used [0x00000000ec180000,0x00000000ec514960,0x00000000ec580000)
  to   space 4608K, 0% used [0x00000000ebc80000,0x00000000ebc80000,0x00000000ec100000)
 ParOldGen       total 68608K, used 52860K [0x00000000c0000000, 0x00000000c4300000, 0x00000000eab00000)
  object space 68608K, 77% used [0x00000000c0000000,0x00000000c339f138,0x00000000c4300000)
 Metaspace       used 55633K, committed 56704K, reserved 1114112K
  class space    used 5904K, committed 6336K, reserved 1048576K
}
Event: 40.721 GC heap before
{Heap before GC invocations=39 (full 2):
 PSYoungGen      total 19968K, used 19538K [0x00000000eab00000, 0x00000000ec580000, 0x0000000100000000)
  eden space 15872K, 100% used [0x00000000eab00000,0x00000000eba80000,0x00000000eba80000)
  from space 4096K, 89% used [0x00000000ec180000,0x00000000ec514960,0x00000000ec580000)
  to   space 4608K, 0% used [0x00000000ebc80000,0x00000000ebc80000,0x00000000ec100000)
 ParOldGen       total 68608K, used 52860K [0x00000000c0000000, 0x00000000c4300000, 0x00000000eab00000)
  object space 68608K, 77% used [0x00000000c0000000,0x00000000c339f138,0x00000000c4300000)
 Metaspace       used 55633K, committed 56704K, reserved 1114112K
  class space    used 5904K, committed 6336K, reserved 1048576K
}
Event: 40.726 GC heap after
{Heap after GC invocations=39 (full 2):
 PSYoungGen      total 19968K, used 3600K [0x00000000eab00000, 0x00000000ec280000, 0x0000000100000000)
  eden space 15872K, 0% used [0x00000000eab00000,0x00000000eab00000,0x00000000eba80000)
  from space 4096K, 87% used [0x00000000ebc80000,0x00000000ec004398,0x00000000ec080000)
  to   space 2048K, 0% used [0x00000000ec080000,0x00000000ec080000,0x00000000ec280000)
 ParOldGen       total 68608K, used 56308K [0x00000000c0000000, 0x00000000c4300000, 0x00000000eab00000)
  object space 68608K, 82% used [0x00000000c0000000,0x00000000c36fd030,0x00000000c4300000)
 Metaspace       used 55633K, committed 56704K, reserved 1114112K
  class space    used 5904K, committed 6336K, reserved 1048576K
}
Event: 42.032 GC heap before
{Heap before GC invocations=40 (full 2):
 PSYoungGen      total 19968K, used 19472K [0x00000000eab00000, 0x00000000ec280000, 0x0000000100000000)
  eden space 15872K, 100% used [0x00000000eab00000,0x00000000eba80000,0x00000000eba80000)
  from space 4096K, 87% used [0x00000000ebc80000,0x00000000ec004398,0x00000000ec080000)
  to   space 2048K, 0% used [0x00000000ec080000,0x00000000ec080000,0x00000000ec280000)
 ParOldGen       total 68608K, used 56308K [0x00000000c0000000, 0x00000000c4300000, 0x00000000eab00000)
  object space 68608K, 82% used [0x00000000c0000000,0x00000000c36fd030,0x00000000c4300000)
 Metaspace       used 55635K, committed 56704K, reserved 1114112K
  class space    used 5904K, committed 6336K, reserved 1048576K
}
Event: 42.047 GC heap after
{Heap after GC invocations=40 (full 2):
 PSYoungGen      total 15872K, used 2042K [0x00000000eab00000, 0x00000000eca80000, 0x0000000100000000)
  eden space 13824K, 0% used [0x00000000eab00000,0x00000000eab00000,0x00000000eb880000)
  from space 2048K, 99% used [0x00000000ec080000,0x00000000ec27e9e8,0x00000000ec280000)
  to   space 8192K, 0% used [0x00000000eb880000,0x00000000eb880000,0x00000000ec080000)
 ParOldGen       total 68608K, used 61540K [0x00000000c0000000, 0x00000000c4300000, 0x00000000eab00000)
  object space 68608K, 89% used [0x00000000c0000000,0x00000000c3c19260,0x00000000c4300000)
 Metaspace       used 55635K, committed 56704K, reserved 1114112K
  class space    used 5904K, committed 6336K, reserved 1048576K
}
Event: 43.421 GC heap before
{Heap before GC invocations=41 (full 2):
 PSYoungGen      total 15872K, used 15866K [0x00000000eab00000, 0x00000000eca80000, 0x0000000100000000)
  eden space 13824K, 100% used [0x00000000eab00000,0x00000000eb880000,0x00000000eb880000)
  from space 2048K, 99% used [0x00000000ec080000,0x00000000ec27e9e8,0x00000000ec280000)
  to   space 8192K, 0% used [0x00000000eb880000,0x00000000eb880000,0x00000000ec080000)
 ParOldGen       total 68608K, used 61540K [0x00000000c0000000, 0x00000000c4300000, 0x00000000eab00000)
  object space 68608K, 89% used [0x00000000c0000000,0x00000000c3c19260,0x00000000c4300000)
 Metaspace       used 55636K, committed 56704K, reserved 1114112K
  class space    used 5904K, committed 6336K, reserved 1048576K
}
Event: 43.426 GC heap after
{Heap after GC invocations=41 (full 2):
 PSYoungGen      total 17408K, used 3323K [0x00000000eab00000, 0x00000000ec280000, 0x0000000100000000)
  eden space 13824K, 0% used [0x00000000eab00000,0x00000000eab00000,0x00000000eb880000)
  from space 3584K, 92% used [0x00000000eb880000,0x00000000ebbbece8,0x00000000ebc00000)
  to   space 5120K, 0% used [0x00000000ebd80000,0x00000000ebd80000,0x00000000ec280000)
 ParOldGen       total 68608K, used 63497K [0x00000000c0000000, 0x00000000c4300000, 0x00000000eab00000)
  object space 68608K, 92% used [0x00000000c0000000,0x00000000c3e02700,0x00000000c4300000)
 Metaspace       used 55636K, committed 56704K, reserved 1114112K
  class space    used 5904K, committed 6336K, reserved 1048576K
}
Event: 44.194 GC heap before
{Heap before GC invocations=42 (full 2):
 PSYoungGen      total 17408K, used 17147K [0x00000000eab00000, 0x00000000ec280000, 0x0000000100000000)
  eden space 13824K, 100% used [0x00000000eab00000,0x00000000eb880000,0x00000000eb880000)
  from space 3584K, 92% used [0x00000000eb880000,0x00000000ebbbece8,0x00000000ebc00000)
  to   space 5120K, 0% used [0x00000000ebd80000,0x00000000ebd80000,0x00000000ec280000)
 ParOldGen       total 68608K, used 63497K [0x00000000c0000000, 0x00000000c4300000, 0x00000000eab00000)
  object space 68608K, 92% used [0x00000000c0000000,0x00000000c3e02700,0x00000000c4300000)
 Metaspace       used 55642K, committed 56704K, reserved 1114112K
  class space    used 5904K, committed 6336K, reserved 1048576K
}
Event: 44.203 GC heap after
{Heap after GC invocations=42 (full 2):
 PSYoungGen      total 17408K, used 3256K [0x00000000eab00000, 0x00000000ec100000, 0x0000000100000000)
  eden space 13824K, 0% used [0x00000000eab00000,0x00000000eab00000,0x00000000eb880000)
  from space 3584K, 90% used [0x00000000ebd80000,0x00000000ec0ae300,0x00000000ec100000)
  to   space 3584K, 0% used [0x00000000eb880000,0x00000000eb880000,0x00000000ebc00000)
 ParOldGen       total 68608K, used 66568K [0x00000000c0000000, 0x00000000c4300000, 0x00000000eab00000)
  object space 68608K, 97% used [0x00000000c0000000,0x00000000c4102398,0x00000000c4300000)
 Metaspace       used 55642K, committed 56704K, reserved 1114112K
  class space    used 5904K, committed 6336K, reserved 1048576K
}
Event: 44.203 GC heap before
{Heap before GC invocations=43 (full 3):
 PSYoungGen      total 17408K, used 3256K [0x00000000eab00000, 0x00000000ec100000, 0x0000000100000000)
  eden space 13824K, 0% used [0x00000000eab00000,0x00000000eab00000,0x00000000eb880000)
  from space 3584K, 90% used [0x00000000ebd80000,0x00000000ec0ae300,0x00000000ec100000)
  to   space 3584K, 0% used [0x00000000eb880000,0x00000000eb880000,0x00000000ebc00000)
 ParOldGen       total 68608K, used 66568K [0x00000000c0000000, 0x00000000c4300000, 0x00000000eab00000)
  object space 68608K, 97% used [0x00000000c0000000,0x00000000c4102398,0x00000000c4300000)
 Metaspace       used 55642K, committed 56704K, reserved 1114112K
  class space    used 5904K, committed 6336K, reserved 1048576K
}
Event: 44.396 GC heap after
{Heap after GC invocations=43 (full 3):
 PSYoungGen      total 17408K, used 0K [0x00000000eab00000, 0x00000000ebf80000, 0x0000000100000000)
  eden space 13824K, 0% used [0x00000000eab00000,0x00000000eab00000,0x00000000eb880000)
  from space 3584K, 0% used [0x00000000eb880000,0x00000000eb880000,0x00000000ebc00000)
  to   space 3584K, 0% used [0x00000000ebc00000,0x00000000ebc00000,0x00000000ebf80000)
 ParOldGen       total 89600K, used 60745K [0x00000000c0000000, 0x00000000c5780000, 0x00000000eab00000)
  object space 89600K, 67% used [0x00000000c0000000,0x00000000c3b526d0,0x00000000c5780000)
 Metaspace       used 55642K, committed 56704K, reserved 1114112K
  class space    used 5904K, committed 6336K, reserved 1048576K
}
Event: 45.932 GC heap before
{Heap before GC invocations=44 (full 3):
 PSYoungGen      total 17408K, used 13824K [0x00000000eab00000, 0x00000000ebf80000, 0x0000000100000000)
  eden space 13824K, 100% used [0x00000000eab00000,0x00000000eb880000,0x00000000eb880000)
  from space 3584K, 0% used [0x00000000eb880000,0x00000000eb880000,0x00000000ebc00000)
  to   space 3584K, 0% used [0x00000000ebc00000,0x00000000ebc00000,0x00000000ebf80000)
 ParOldGen       total 89600K, used 60745K [0x00000000c0000000, 0x00000000c5780000, 0x00000000eab00000)
  object space 89600K, 67% used [0x00000000c0000000,0x00000000c3b526d0,0x00000000c5780000)
 Metaspace       used 55642K, committed 56704K, reserved 1114112K
  class space    used 5904K, committed 6336K, reserved 1048576K
}
Event: 45.937 GC heap after
{Heap after GC invocations=44 (full 3):
 PSYoungGen      total 17408K, used 3235K [0x00000000eab00000, 0x00000000ebf80000, 0x0000000100000000)
  eden space 13824K, 0% used [0x00000000eab00000,0x00000000eab00000,0x00000000eb880000)
  from space 3584K, 90% used [0x00000000ebc00000,0x00000000ebf28d08,0x00000000ebf80000)
  to   space 3584K, 0% used [0x00000000eb880000,0x00000000eb880000,0x00000000ebc00000)
 ParOldGen       total 89600K, used 60745K [0x00000000c0000000, 0x00000000c5780000, 0x00000000eab00000)
  object space 89600K, 67% used [0x00000000c0000000,0x00000000c3b526d0,0x00000000c5780000)
 Metaspace       used 55642K, committed 56704K, reserved 1114112K
  class space    used 5904K, committed 6336K, reserved 1048576K
}

Dll operation events (10 events):
Event: 0.067 Loaded shared library c:\Users\kei02\.vscode\extensions\redhat.java-1.30.0-win32-x64\jre\17.0.10-win32-x86_64\bin\java.dll
Event: 0.956 Loaded shared library c:\Users\kei02\.vscode\extensions\redhat.java-1.30.0-win32-x64\jre\17.0.10-win32-x86_64\bin\zip.dll
Event: 0.960 Loaded shared library C:\Users\kei02\.vscode\extensions\redhat.java-1.30.0-win32-x64\jre\17.0.10-win32-x86_64\bin\instrument.dll
Event: 0.985 Loaded shared library C:\Users\kei02\.vscode\extensions\redhat.java-1.30.0-win32-x64\jre\17.0.10-win32-x86_64\bin\net.dll
Event: 0.988 Loaded shared library C:\Users\kei02\.vscode\extensions\redhat.java-1.30.0-win32-x64\jre\17.0.10-win32-x86_64\bin\nio.dll
Event: 1.003 Loaded shared library C:\Users\kei02\.vscode\extensions\redhat.java-1.30.0-win32-x64\jre\17.0.10-win32-x86_64\bin\zip.dll
Event: 1.054 Loaded shared library C:\Users\kei02\.vscode\extensions\redhat.java-1.30.0-win32-x64\jre\17.0.10-win32-x86_64\bin\jimage.dll
Event: 1.242 Loaded shared library c:\Users\kei02\.vscode\extensions\redhat.java-1.30.0-win32-x64\jre\17.0.10-win32-x86_64\bin\verify.dll
Event: 13.483 Loaded shared library C:\Users\kei02\AppData\Roaming\Code\User\globalStorage\redhat.java\1.30.0\config_win\org.eclipse.equinox.launcher\org.eclipse.equinox.launcher.win32.win32.x86_64_1.2.900.v20240213-1244\eclipse_11900.dll
Event: 33.302 Loaded shared library C:\Users\kei02\AppData\Local\Temp\jna-101928081\jna11576540120769982419.dll

Deoptimization events (20 events):
Event: 45.662 Thread 0x0000025625b60410 DEOPT PACKING pc=0x0000025610192913 sp=0x0000008ec8dfe880
Event: 45.662 Thread 0x0000025625b60410 DEOPT UNPACKING pc=0x0000025616ab6e43 sp=0x0000008ec8dfdde8 mode 0
Event: 45.669 Thread 0x0000025625b60410 DEOPT PACKING pc=0x000002560f5a7809 sp=0x0000008ec8dfe470
Event: 45.669 Thread 0x0000025625b60410 DEOPT UNPACKING pc=0x0000025616ab6e43 sp=0x0000008ec8dfd968 mode 0
Event: 45.710 Thread 0x0000025625b60410 DEOPT PACKING pc=0x0000025610192913 sp=0x0000008ec8dfe880
Event: 45.710 Thread 0x0000025625b60410 DEOPT UNPACKING pc=0x0000025616ab6e43 sp=0x0000008ec8dfdde8 mode 0
Event: 45.766 Thread 0x0000025625b60410 DEOPT PACKING pc=0x0000025610192993 sp=0x0000008ec8dfe880
Event: 45.766 Thread 0x0000025625b60410 DEOPT UNPACKING pc=0x0000025616ab6e43 sp=0x0000008ec8dfdde8 mode 0
Event: 45.809 Thread 0x0000025625b60410 DEOPT PACKING pc=0x000002560f5a7809 sp=0x0000008ec8dfe470
Event: 45.809 Thread 0x0000025625b60410 DEOPT UNPACKING pc=0x0000025616ab6e43 sp=0x0000008ec8dfd968 mode 0
Event: 46.114 Thread 0x0000025625b60410 DEOPT PACKING pc=0x000002560f5a7809 sp=0x0000008ec8dfe470
Event: 46.114 Thread 0x0000025625b60410 DEOPT UNPACKING pc=0x0000025616ab6e43 sp=0x0000008ec8dfd968 mode 0
Event: 46.120 Thread 0x0000025625b60410 DEOPT PACKING pc=0x0000025610192913 sp=0x0000008ec8dfe880
Event: 46.120 Thread 0x0000025625b60410 DEOPT UNPACKING pc=0x0000025616ab6e43 sp=0x0000008ec8dfdde8 mode 0
Event: 46.237 Thread 0x0000025625b60410 DEOPT PACKING pc=0x0000025610192913 sp=0x0000008ec8dfe880
Event: 46.238 Thread 0x0000025625b60410 DEOPT UNPACKING pc=0x0000025616ab6e43 sp=0x0000008ec8dfdde8 mode 0
Event: 46.377 Thread 0x0000025625b60410 DEOPT PACKING pc=0x000002560f5a7809 sp=0x0000008ec8dfe470
Event: 46.377 Thread 0x0000025625b60410 DEOPT UNPACKING pc=0x0000025616ab6e43 sp=0x0000008ec8dfd968 mode 0
Event: 46.652 Thread 0x0000025625b60410 DEOPT PACKING pc=0x0000025610192913 sp=0x0000008ec8dfe880
Event: 46.652 Thread 0x0000025625b60410 DEOPT UNPACKING pc=0x0000025616ab6e43 sp=0x0000008ec8dfdde8 mode 0

Classes unloaded (9 events):
Event: 32.268 Thread 0x000002560c949870 Unloading class 0x0000000100350800 'java/lang/invoke/LambdaForm$MH+0x0000000100350800'
Event: 32.268 Thread 0x000002560c949870 Unloading class 0x0000000100350000 'java/lang/invoke/LambdaForm$MH+0x0000000100350000'
Event: 32.268 Thread 0x000002560c949870 Unloading class 0x0000000100252400 'java/lang/invoke/LambdaForm$MH+0x0000000100252400'
Event: 32.268 Thread 0x000002560c949870 Unloading class 0x0000000100252000 'java/lang/invoke/LambdaForm$MH+0x0000000100252000'
Event: 32.268 Thread 0x000002560c949870 Unloading class 0x0000000100251c00 'java/lang/invoke/LambdaForm$MH+0x0000000100251c00'
Event: 32.268 Thread 0x000002560c949870 Unloading class 0x0000000100251800 'java/lang/invoke/LambdaForm$MH+0x0000000100251800'
Event: 32.268 Thread 0x000002560c949870 Unloading class 0x0000000100251400 'java/lang/invoke/LambdaForm$BMH+0x0000000100251400'
Event: 32.268 Thread 0x000002560c949870 Unloading class 0x0000000100251000 'java/lang/invoke/LambdaForm$DMH+0x0000000100251000'
Event: 32.269 Thread 0x000002560c949870 Unloading class 0x000000010024c400 'java/lang/invoke/LambdaForm$DMH+0x000000010024c400'

Classes redefined (0 events):
No events

Internal exceptions (20 events):
Event: 37.227 Thread 0x0000025625b60e30 Exception <a 'sun/nio/fs/WindowsException'{0x00000000eb08bff8}> (0x00000000eb08bff8) 
thrown [s\src\hotspot\share\prims\jni.cpp, line 516]
Event: 37.229 Thread 0x0000025625b60e30 Exception <a 'sun/nio/fs/WindowsException'{0x00000000eb08f0c0}> (0x00000000eb08f0c0) 
thrown [s\src\hotspot\share\prims\jni.cpp, line 516]
Event: 37.230 Thread 0x0000025625b60e30 Exception <a 'sun/nio/fs/WindowsException'{0x00000000eb092c00}> (0x00000000eb092c00) 
thrown [s\src\hotspot\share\prims\jni.cpp, line 516]
Event: 37.232 Thread 0x0000025625b60e30 Exception <a 'sun/nio/fs/WindowsException'{0x00000000eb095bc8}> (0x00000000eb095bc8) 
thrown [s\src\hotspot\share\prims\jni.cpp, line 516]
Event: 37.232 Thread 0x0000025625b60e30 Exception <a 'sun/nio/fs/WindowsException'{0x00000000eb228740}> (0x00000000eb228740) 
thrown [s\src\hotspot\share\prims\jni.cpp, line 516]
Event: 37.237 Thread 0x0000025625b60e30 Exception <a 'sun/nio/fs/WindowsException'{0x00000000eb22baa8}> (0x00000000eb22baa8) 
thrown [s\src\hotspot\share\prims\jni.cpp, line 516]
Event: 37.238 Thread 0x0000025625b60e30 Exception <a 'sun/nio/fs/WindowsException'{0x00000000eb22ef28}> (0x00000000eb22ef28) 
thrown [s\src\hotspot\share\prims\jni.cpp, line 516]
Event: 37.240 Thread 0x0000025625b60e30 Exception <a 'sun/nio/fs/WindowsException'{0x00000000eb232848}> (0x00000000eb232848) 
thrown [s\src\hotspot\share\prims\jni.cpp, line 516]
Event: 37.241 Thread 0x0000025625b60e30 Exception <a 'sun/nio/fs/WindowsException'{0x00000000eb235c98}> (0x00000000eb235c98) 
thrown [s\src\hotspot\share\prims\jni.cpp, line 516]
Event: 37.242 Thread 0x0000025625b60e30 Exception <a 'sun/nio/fs/WindowsException'{0x00000000eb238c58}> (0x00000000eb238c58) 
thrown [s\src\hotspot\share\prims\jni.cpp, line 516]
Event: 37.243 Thread 0x0000025625b60e30 Exception <a 'sun/nio/fs/WindowsException'{0x00000000eb23be38}> (0x00000000eb23be38) 
thrown [s\src\hotspot\share\prims\jni.cpp, line 516]
Event: 37.244 Thread 0x0000025625b60e30 Exception <a 'sun/nio/fs/WindowsException'{0x00000000eb23f1a0}> (0x00000000eb23f1a0) 
thrown [s\src\hotspot\share\prims\jni.cpp, line 516]
Event: 37.245 Thread 0x0000025625b60e30 Exception <a 'sun/nio/fs/WindowsException'{0x00000000eb2422a8}> (0x00000000eb2422a8) 
thrown [s\src\hotspot\share\prims\jni.cpp, line 516]
Event: 37.367 Thread 0x0000025625b60e30 Exception <a 'java/lang/NoSuchMethodError'{0x00000000eb4e6138}: 'void java.lang.invoke.DirectMethodHandle$Holder.invokeStatic(java.lang.Object, long)'> (0x00000000eb4e6138) 
thrown [s\src\hotspot\share\interpreter\linkResolver.cpp, line 759]
Event: 37.373 Thread 0x0000025625b60e30 Exception <a 'java/lang/NoSuchMethodError'{0x00000000eb4eb4e0}: 'java.lang.Object java.lang.invoke.DirectMethodHandle$Holder.newInvokeSpecial(java.lang.Object, long)'> (0x00000000eb4eb4e0) 
thrown [s\src\hotspot\share\interpreter\linkResolver.cpp, line 759]
Event: 39.466 Thread 0x0000025625b5f9f0 Exception <a 'java/io/FileNotFoundException'{0x00000000eb82c648}> (0x00000000eb82c648) 
thrown [s\src\hotspot\share\prims\jni.cpp, line 516]
Event: 40.139 Thread 0x0000025625b60410 Implicit null exception at 0x00000256171ee5ac to 0x00000256171ee6c4
Event: 40.349 Thread 0x0000025625b5f9f0 Exception <a 'java/io/FileNotFoundException'{0x00000000eaf86380}> (0x00000000eaf86380) 
thrown [s\src\hotspot\share\prims\jni.cpp, line 516]
Event: 40.349 Thread 0x0000025625b5f9f0 Exception <a 'java/io/FileNotFoundException'{0x00000000eaf87930}> (0x00000000eaf87930) 
thrown [s\src\hotspot\share\prims\jni.cpp, line 516]
Event: 40.349 Thread 0x0000025625b5f9f0 Exception <a 'java/io/FileNotFoundException'{0x00000000eaf88a98}> (0x00000000eaf88a98) 
thrown [s\src\hotspot\share\prims\jni.cpp, line 516]

VM Operations (20 events):
Event: 40.307 Executing VM operation: ParallelGCFailedAllocation
Event: 40.312 Executing VM operation: ParallelGCFailedAllocation done
Event: 40.491 Executing VM operation: ParallelGCFailedAllocation
Event: 40.497 Executing VM operation: ParallelGCFailedAllocation done
Event: 40.721 Executing VM operation: ParallelGCFailedAllocation
Event: 40.726 Executing VM operation: ParallelGCFailedAllocation done
Event: 41.734 Executing VM operation: Cleanup
Event: 41.877 Executing VM operation: Cleanup done
Event: 42.032 Executing VM operation: ParallelGCFailedAllocation
Event: 42.047 Executing VM operation: ParallelGCFailedAllocation done
Event: 43.052 Executing VM operation: Cleanup
Event: 43.071 Executing VM operation: Cleanup done
Event: 43.421 Executing VM operation: ParallelGCFailedAllocation
Event: 43.426 Executing VM operation: ParallelGCFailedAllocation done
Event: 44.194 Executing VM operation: ParallelGCFailedAllocation
Event: 44.396 Executing VM operation: ParallelGCFailedAllocation done
Event: 45.401 Executing VM operation: Cleanup
Event: 45.440 Executing VM operation: Cleanup done
Event: 45.932 Executing VM operation: ParallelGCFailedAllocation
Event: 45.937 Executing VM operation: ParallelGCFailedAllocation done

Events (20 events):
Event: 37.341 loading class java/lang/ProcessBuilder done
Event: 37.342 loading class java/lang/ProcessImpl
Event: 37.343 loading class java/lang/ProcessImpl done
Event: 37.374 loading class java/lang/ProcessImpl$2
Event: 37.374 loading class java/lang/ProcessImpl$2 done
Event: 37.374 loading class java/lang/Process$PipeInputStream
Event: 37.375 loading class java/lang/Process$PipeInputStream done
Event: 37.376 loading class jdk/internal/event/ProcessStartEvent
Event: 37.377 loading class jdk/internal/event/ProcessStartEvent done
Event: 37.476 Thread 0x0000025628e5b9e0 Thread added: 0x0000025628e5b9e0
Event: 37.481 loading class java/io/IOError
Event: 37.481 loading class java/io/IOError done
Event: 37.505 loading class java/util/concurrent/CompletableFuture$Signaller
Event: 37.506 loading class java/util/concurrent/CompletableFuture$Signaller done
Event: 39.502 loading class java/util/zip/ZipError
Event: 39.502 loading class java/util/zip/ZipError done
Event: 39.561 Thread 0x0000025628e54570 Thread added: 0x0000025628e54570
Event: 39.597 Thread 0x0000025628e5afc0 Thread added: 0x0000025628e5afc0
Event: 40.346 loading class java/util/WeakHashMap$KeyIterator
Event: 40.347 loading class java/util/WeakHashMap$KeyIterator done


Dynamic libraries:
0x00007ff7a8440000 - 0x00007ff7a844e000 	c:\Users\kei02\.vscode\extensions\redhat.java-1.30.0-win32-x64\jre\17.0.10-win32-x86_64\bin\java.exe
0x00007ffa83430000 - 0x00007ffa83647000 	C:\WINDOWS\SYSTEM32\ntdll.dll
0x00007ffa81eb0000 - 0x00007ffa81f74000 	C:\WINDOWS\System32\KERNEL32.DLL
0x00007ffa80750000 - 0x00007ffa80af7000 	C:\WINDOWS\System32\KERNELBASE.dll
0x00007ffa80d80000 - 0x00007ffa80e91000 	C:\WINDOWS\System32\ucrtbase.dll
0x00007ffa6f590000 - 0x00007ffa6f5a7000 	c:\Users\kei02\.vscode\extensions\redhat.java-1.30.0-win32-x64\jre\17.0.10-win32-x86_64\bin\jli.dll
0x00007ffa82e00000 - 0x00007ffa82fae000 	C:\WINDOWS\System32\USER32.dll
0x00007ffa80b70000 - 0x00007ffa80b96000 	C:\WINDOWS\System32\win32u.dll
0x00007ffa81f80000 - 0x00007ffa81fa9000 	C:\WINDOWS\System32\GDI32.dll
0x00007ffa80ba0000 - 0x00007ffa80cb9000 	C:\WINDOWS\System32\gdi32full.dll
0x00007ffa810c0000 - 0x00007ffa8115a000 	C:\WINDOWS\System32\msvcp_win.dll
0x00007ffa6f4b0000 - 0x00007ffa6f4cb000 	c:\Users\kei02\.vscode\extensions\redhat.java-1.30.0-win32-x64\jre\17.0.10-win32-x86_64\bin\VCRUNTIME140.dll
0x00007ffa58730000 - 0x00007ffa589c3000 	C:\WINDOWS\WinSxS\amd64_microsoft.windows.common-controls_6595b64144ccf1df_6.0.22621.3527_none_270e469b73872a76\COMCTL32.dll
0x00007ffa81ba0000 - 0x00007ffa81c47000 	C:\WINDOWS\System32\msvcrt.dll
0x00007ffa82db0000 - 0x00007ffa82de1000 	C:\WINDOWS\System32\IMM32.DLL
0x00007ffa72ac0000 - 0x00007ffa72acc000 	c:\Users\kei02\.vscode\extensions\redhat.java-1.30.0-win32-x64\jre\17.0.10-win32-x86_64\bin\vcruntime140_1.dll
0x00007ffa54690000 - 0x00007ffa5471d000 	c:\Users\kei02\.vscode\extensions\redhat.java-1.30.0-win32-x64\jre\17.0.10-win32-x86_64\bin\msvcp140.dll
0x00007ff9ff2e0000 - 0x00007ff9fff42000 	c:\Users\kei02\.vscode\extensions\redhat.java-1.30.0-win32-x64\jre\17.0.10-win32-x86_64\bin\server\jvm.dll
0x00007ffa81c50000 - 0x00007ffa81d02000 	C:\WINDOWS\System32\ADVAPI32.dll
0x00007ffa813a0000 - 0x00007ffa81448000 	C:\WINDOWS\System32\sechost.dll
0x00007ffa81090000 - 0x00007ffa810b8000 	C:\WINDOWS\System32\bcrypt.dll
0x00007ffa82c90000 - 0x00007ffa82da5000 	C:\WINDOWS\System32\RPCRT4.dll
0x00007ffa7f5d0000 - 0x00007ffa7f61d000 	C:\WINDOWS\SYSTEM32\POWRPROF.dll
0x00007ffa70340000 - 0x00007ffa70349000 	C:\WINDOWS\SYSTEM32\WSOCK32.dll
0x00007ffa774e0000 - 0x00007ffa77514000 	C:\WINDOWS\SYSTEM32\WINMM.dll
0x00007ffa81d10000 - 0x00007ffa81d81000 	C:\WINDOWS\System32\WS2_32.dll
0x00007ffa745c0000 - 0x00007ffa745ca000 	C:\WINDOWS\SYSTEM32\VERSION.dll
0x00007ffa7f5b0000 - 0x00007ffa7f5c3000 	C:\WINDOWS\SYSTEM32\UMPDC.dll
0x00007ffa7f860000 - 0x00007ffa7f878000 	C:\WINDOWS\SYSTEM32\kernel.appcore.dll
0x00007ffa70300000 - 0x00007ffa7030a000 	c:\Users\kei02\.vscode\extensions\redhat.java-1.30.0-win32-x64\jre\17.0.10-win32-x86_64\bin\jimage.dll
0x00007ffa7e120000 - 0x00007ffa7e352000 	C:\WINDOWS\SYSTEM32\DBGHELP.DLL
0x00007ffa81fb0000 - 0x00007ffa82338000 	C:\WINDOWS\System32\combase.dll
0x00007ffa81640000 - 0x00007ffa81717000 	C:\WINDOWS\System32\OLEAUT32.dll
0x00007ffa73e90000 - 0x00007ffa73ec2000 	C:\WINDOWS\SYSTEM32\dbgcore.DLL
0x00007ffa80ea0000 - 0x00007ffa80f19000 	C:\WINDOWS\System32\bcryptPrimitives.dll
0x00007ffa6ff20000 - 0x00007ffa6ff2e000 	c:\Users\kei02\.vscode\extensions\redhat.java-1.30.0-win32-x64\jre\17.0.10-win32-x86_64\bin\instrument.dll
0x00007ffa6cea0000 - 0x00007ffa6cec5000 	c:\Users\kei02\.vscode\extensions\redhat.java-1.30.0-win32-x64\jre\17.0.10-win32-x86_64\bin\java.dll
0x00007ffa6d340000 - 0x00007ffa6d358000 	c:\Users\kei02\.vscode\extensions\redhat.java-1.30.0-win32-x64\jre\17.0.10-win32-x86_64\bin\zip.dll
0x00007ffa82430000 - 0x00007ffa82c8c000 	C:\WINDOWS\System32\SHELL32.dll
0x00007ffa7e6a0000 - 0x00007ffa7ef96000 	C:\WINDOWS\SYSTEM32\windows.storage.dll
0x00007ffa7e560000 - 0x00007ffa7e69e000 	C:\WINDOWS\SYSTEM32\wintypes.dll
0x00007ffa81db0000 - 0x00007ffa81ea5000 	C:\WINDOWS\System32\SHCORE.dll
0x00007ffa82fb0000 - 0x00007ffa8300e000 	C:\WINDOWS\System32\shlwapi.dll
0x00007ffa80680000 - 0x00007ffa806a1000 	C:\WINDOWS\SYSTEM32\profapi.dll
0x00007ffa6d270000 - 0x00007ffa6d289000 	C:\Users\kei02\.vscode\extensions\redhat.java-1.30.0-win32-x64\jre\17.0.10-win32-x86_64\bin\net.dll
0x00007ffa77ed0000 - 0x00007ffa78006000 	C:\WINDOWS\SYSTEM32\WINHTTP.dll
0x00007ffa7fcd0000 - 0x00007ffa7fd39000 	C:\WINDOWS\system32\mswsock.dll
0x00007ffa6cff0000 - 0x00007ffa6d006000 	C:\Users\kei02\.vscode\extensions\redhat.java-1.30.0-win32-x64\jre\17.0.10-win32-x86_64\bin\nio.dll
0x00007ffa6fa80000 - 0x00007ffa6fa90000 	c:\Users\kei02\.vscode\extensions\redhat.java-1.30.0-win32-x64\jre\17.0.10-win32-x86_64\bin\verify.dll
0x00007ffa5f820000 - 0x00007ffa5f85e000 	C:\Users\kei02\AppData\Roaming\Code\User\globalStorage\redhat.java\1.30.0\config_win\org.eclipse.equinox.launcher\org.eclipse.equinox.launcher.win32.win32.x86_64_1.2.900.v20240213-1244\eclipse_11900.dll
0x00007ffa811e0000 - 0x00007ffa81385000 	C:\WINDOWS\System32\ole32.dll
0x00007ffa7ff30000 - 0x00007ffa7ff4b000 	C:\WINDOWS\SYSTEM32\CRYPTSP.dll
0x00007ffa7f7c0000 - 0x00007ffa7f7f5000 	C:\WINDOWS\system32\rsaenh.dll
0x00007ffa7fdd0000 - 0x00007ffa7fdf8000 	C:\WINDOWS\SYSTEM32\USERENV.dll
0x00007ffa7ff50000 - 0x00007ffa7ff5c000 	C:\WINDOWS\SYSTEM32\CRYPTBASE.dll
0x00007ffa7f270000 - 0x00007ffa7f29d000 	C:\WINDOWS\SYSTEM32\IPHLPAPI.DLL
0x00007ffa81390000 - 0x00007ffa81399000 	C:\WINDOWS\System32\NSI.dll
0x00007ffa77b10000 - 0x00007ffa77b29000 	C:\WINDOWS\SYSTEM32\dhcpcsvc6.DLL
0x00007ffa77af0000 - 0x00007ffa77b0f000 	C:\WINDOWS\SYSTEM32\dhcpcsvc.DLL
0x00007ffa7f2a0000 - 0x00007ffa7f398000 	C:\WINDOWS\SYSTEM32\DNSAPI.dll
0x00007ffa62900000 - 0x00007ffa62945000 	C:\Users\kei02\AppData\Local\Temp\jna-101928081\jna11576540120769982419.dll
0x00007ffa81520000 - 0x00007ffa81528000 	C:\WINDOWS\System32\PSAPI.DLL

dbghelp: loaded successfully - version: 4.0.5 - missing functions: none
symbol engine: initialized successfully - sym options: 0x614 - pdb path: .;c:\Users\kei02\.vscode\extensions\redhat.java-1.30.0-win32-x64\jre\17.0.10-win32-x86_64\bin;C:\WINDOWS\SYSTEM32;C:\WINDOWS\WinSxS\amd64_microsoft.windows.common-controls_6595b64144ccf1df_6.0.22621.3527_none_270e469b73872a76;c:\Users\kei02\.vscode\extensions\redhat.java-1.30.0-win32-x64\jre\17.0.10-win32-x86_64\bin\server;C:\Users\kei02\AppData\Roaming\Code\User\globalStorage\redhat.java\1.30.0\config_win\org.eclipse.equinox.launcher\org.eclipse.equinox.launcher.win32.win32.x86_64_1.2.900.v20240213-1244;C:\Users\kei02\AppData\Local\Temp\jna-101928081

VM Arguments:
jvm_args: --add-modules=ALL-SYSTEM --add-opens=java.base/java.util=ALL-UNNAMED --add-opens=java.base/java.lang=ALL-UNNAMED --add-opens=java.base/sun.nio.fs=ALL-UNNAMED -Declipse.application=org.eclipse.jdt.ls.core.id1 -Dosgi.bundles.defaultStartLevel=4 -Declipse.product=org.eclipse.jdt.ls.core.product -Djava.import.generatesMetadataFilesAtProjectRoot=false -DDetectVMInstallationsJob.disabled=true -Dfile.encoding=utf8 -XX:+UseParallelGC -XX:GCTimeRatio=4 -XX:AdaptiveSizePolicyWeight=90 -Dsun.zip.disableMemoryMapping=true -Xmx1G -Xms100m -Xlog:disable -javaagent:c:\Users\kei02\.vscode\extensions\redhat.java-1.30.0-win32-x64\lombok\lombok-1.18.32.jar -XX:+HeapDumpOnOutOfMemoryError -XX:HeapDumpPath=c:\Users\kei02\AppData\Roaming\Code\User\workspaceStorage\7f6d1856fb09382bce22522fa1089d21\redhat.java -Daether.dependencyCollector.impl=bf 
java_command: c:\Users\kei02\.vscode\extensions\redhat.java-1.30.0-win32-x64\server\plugins\org.eclipse.equinox.launcher_1.6.800.v20240330-1250.jar -configuration c:\Users\kei02\AppData\Roaming\Code\User\globalStorage\redhat.java\1.30.0\config_win -data c:\Users\kei02\AppData\Roaming\Code\User\workspaceStorage\7f6d1856fb09382bce22522fa1089d21\redhat.java\jdt_ws --pipe=\\.\pipe\lsp-6d7be0f17c7eb9cdc3cbb260c96cb941-sock
java_class_path (initial): c:\Users\kei02\.vscode\extensions\redhat.java-1.30.0-win32-x64\server\plugins\org.eclipse.equinox.launcher_1.6.800.v20240330-1250.jar
Launcher Type: SUN_STANDARD

[Global flags]
    uintx AdaptiveSizePolicyWeight                 = 90                                        {product} {command line}
     intx CICompilerCount                          = 4                                         {product} {ergonomic}
    uintx GCTimeRatio                              = 4                                         {product} {command line}
     bool HeapDumpOnOutOfMemoryError               = true                                   {manageable} {command line}
    ccstr HeapDumpPath                             = c:\Users\kei02\AppData\Roaming\Code\User\workspaceStorage\7f6d1856fb09382bce22522fa1089d21\redhat.java         {manageable} {command line}
   size_t InitialHeapSize                          = 104857600                                 {product} {command line}
   size_t MaxHeapSize                              = 1073741824                                {product} {command line}
   size_t MaxNewSize                               = 357564416                                 {product} {ergonomic}
   size_t MinHeapDeltaBytes                        = 524288                                    {product} {ergonomic}
   size_t MinHeapSize                              = 104857600                                 {product} {command line}
   size_t NewSize                                  = 34603008                                  {product} {ergonomic}
    uintx NonNMethodCodeHeapSize                   = 5839372                                {pd product} {ergonomic}
    uintx NonProfiledCodeHeapSize                  = 122909434                              {pd product} {ergonomic}
   size_t OldSize                                  = 70254592                                  {product} {ergonomic}
    uintx ProfiledCodeHeapSize                     = 122909434                              {pd product} {ergonomic}
    uintx ReservedCodeCacheSize                    = 251658240                              {pd product} {ergonomic}
     bool SegmentedCodeCache                       = true                                      {product} {ergonomic}
   size_t SoftMaxHeapSize                          = 1073741824                             {manageable} {ergonomic}
     bool UseCompressedClassPointers               = true                           {product lp64_product} {ergonomic}
     bool UseCompressedOops                        = true                           {product lp64_product} {ergonomic}
     bool UseLargePagesIndividualAllocation        = false                                  {pd product} {ergonomic}
     bool UseParallelGC                            = true                                      {product} {command line}

Logging:
Log output configuration:
 #0: stdout all=off uptime,level,tags
 #1: stderr all=off uptime,level,tags

Environment Variables:
JAVA_HOME=C:\Program Files\Eclipse Adoptium\jdk-11.0.22.7-hotspot
PATH=C:\Program Files\Eclipse Adoptium\jdk-17.0.11.9-hotspot\bin;C:\Program Files\nodejs\;C:\Program Files\Eclipse Adoptium\jdk-11.0.22.7-hotspot\bin;C:\Programs\apache-tomcat-9.0.87\bin;C:\WINDOWS\system32;C:\WINDOWS;C:\WINDOWS\System32\Wbem;C:\WINDOWS\System32\WindowsPowerShell\v1.0\;C:\WINDOWS\System32\OpenSSH\;C:\Program Files\Eclipse Adoptium\jdk-11.0.22.7-hotspot\bin;C:\Program Files\Git\cmd;C:\Program Files\MySQL\MySQL Shell 8.0\bin\;C:\Users\kei02\AppData\Local\Microsoft\WindowsApps;C:\Users\kei02\AppData\Local\Programs\Microsoft VS Code\bin;C:\Users\kei02\AppData\Local\GitHubDesktop\bin;;C:\Users\kei02\AppData\Local\afreeca;C:\Users\kei02\AppData\Roaming\npm
USERNAME=kei02
OS=Windows_NT
PROCESSOR_IDENTIFIER=Intel64 Family 6 Model 142 Stepping 11, GenuineIntel
TMP=C:\Users\kei02\AppData\Local\Temp
TEMP=C:\Users\kei02\AppData\Local\Temp



Periodic native trim disabled


---------------  S Y S T E M  ---------------

OS:
 Windows 11 , 64 bit Build 22621 (10.0.22621.3527)
OS uptime: 11 days 4:37 hours

CPU: total 8 (initial active 8) (4 cores per cpu, 2 threads per core) family 6 model 142 stepping 11 microcode 0xde, cx8, cmov, fxsr, ht, mmx, 3dnowpref, sse, sse2, sse3, ssse3, sse4.1, sse4.2, popcnt, lzcnt, tsc, tscinvbit, avx, avx2, aes, erms, clmul, bmi1, bmi2, adx, fma, vzeroupper, clflush, clflushopt
Processor Information for all 8 processors :
  Max Mhz: 1800, Current Mhz: 1600, Mhz Limit: 1584

Memory: 4k page, system-wide physical 8048M (236M free)
TotalPageFile size 25248M (AvailPageFile size 2M)
current process WorkingSet (physical memory assigned to process): 256M, peak: 262M
current process commit charge ("private bytes"): 308M, peak: 314M

vm_info: OpenJDK 64-Bit Server VM (17.0.10+7) for windows-amd64 JRE (17.0.10+7), built on Jan 16 2024 23:25:11 by "admin" with MS VC++ 16.10 / 16.11 (VS2019)

END.
