#
# There is insufficient memory for the Java Runtime Environment to continue.
# Native memory allocation (malloc) failed to allocate 818976 bytes for Chunk::new
# Possible reasons:
#   The system is out of physical RAM or swap space
#   The process is running with CompressedOops enabled, and the Java Heap may be blocking the growth of the native heap
# Possible solutions:
#   Reduce memory load on the system
#   Increase physical memory or swap space
#   Check if swap backing store is full
#   Decrease Java heap size (-Xmx/-Xms)
#   Decrease number of Java threads
#   Decrease Java thread stack sizes (-Xss)
#   Set larger code cache with -XX:ReservedCodeCacheSize=
#   JVM is running with Unscaled Compressed Oops mode in which the Java heap is
#     placed in the first 4GB address space. The Java Heap base address is the
#     maximum limit for the native heap growth. Please use -XX:HeapBaseMinAddress
#     to set the Java Heap base and to place the Java Heap above 4GB virtual address.
# This output file may be truncated or incomplete.
#
#  Out of Memory Error (arena.cpp:191), pid=26704, tid=24808
#
# JRE version: OpenJDK Runtime Environment Temurin-17.0.10+7 (17.0.10+7) (build 17.0.10+7)
# Java VM: OpenJDK 64-Bit Server VM Temurin-17.0.10+7 (17.0.10+7, mixed mode, tiered, compressed oops, compressed class ptrs, parallel gc, windows-amd64)
# No core dump will be written. Minidumps are not enabled by default on client versions of Windows
#

---------------  S U M M A R Y ------------

Command Line: --add-modules=ALL-SYSTEM --add-opens=java.base/java.util=ALL-UNNAMED --add-opens=java.base/java.lang=ALL-UNNAMED --add-opens=java.base/sun.nio.fs=ALL-UNNAMED -Declipse.application=org.eclipse.jdt.ls.core.id1 -Dosgi.bundles.defaultStartLevel=4 -Declipse.product=org.eclipse.jdt.ls.core.product -Djava.import.generatesMetadataFilesAtProjectRoot=false -DDetectVMInstallationsJob.disabled=true -Dfile.encoding=utf8 -XX:+UseParallelGC -XX:GCTimeRatio=4 -XX:AdaptiveSizePolicyWeight=90 -Dsun.zip.disableMemoryMapping=true -Xmx1G -Xms100m -Xlog:disable -javaagent:c:\Users\kei02\.vscode\extensions\redhat.java-1.30.0-win32-x64\lombok\lombok-1.18.32.jar c:\Users\kei02\.vscode\extensions\redhat.java-1.30.0-win32-x64\server\plugins\org.eclipse.equinox.launcher_1.6.800.v20240330-1250.jar -configuration c:\Users\kei02\AppData\Roaming\Code\User\globalStorage\redhat.java\1.30.0\config_ss_win -data c:\Users\kei02\AppData\Roaming\Code\User\workspaceStorage\7f6d1856fb09382bce22522fa1089d21\redhat.java\ss_ws --pipe=\\.\pipe\lsp-9145137c9744e24699348c23fdef1d5e-sock

Host: Intel(R) Core(TM) i5-8265U CPU @ 1.60GHz, 8 cores, 7G,  Windows 11 , 64 bit Build 22621 (10.0.22621.3527)
Time: Mon May 27 10:21:04 2024  Windows 11 , 64 bit Build 22621 (10.0.22621.3527) elapsed time: 49.862721 seconds (0d 0h 0m 49s)

---------------  T H R E A D  ---------------

Current thread (0x0000018738175c00):  JavaThread "C2 CompilerThread0" daemon [_thread_in_native, id=24808, stack(0x00000084c4900000,0x00000084c4a00000)]


Current CompileTask:
C2:  49862 5655   !   4       org.eclipse.jdt.internal.compiler.classfmt.ClassFileReader::<init> (2158 bytes)

Stack: [0x00000084c4900000,0x00000084c4a00000]
Native frames: (J=compiled Java code, j=interpreted, Vv=VM code, C=native code)
V  [jvm.dll+0x67d2c9]
V  [jvm.dll+0x834afa]
V  [jvm.dll+0x8365be]
V  [jvm.dll+0x836c23]
V  [jvm.dll+0x2477ff]
V  [jvm.dll+0xac514]
V  [jvm.dll+0xacb5c]
V  [jvm.dll+0x2aed1f]
V  [jvm.dll+0x584b67]
V  [jvm.dll+0x2228a2]
V  [jvm.dll+0x222c8f]
V  [jvm.dll+0x21bdb6]
V  [jvm.dll+0x219201]
V  [jvm.dll+0x1a502d]
V  [jvm.dll+0x2290de]
V  [jvm.dll+0x2272ac]
V  [jvm.dll+0x7e9bb7]
V  [jvm.dll+0x7e3fba]
V  [jvm.dll+0x67c1b5]
C  [ucrtbase.dll+0x29333]
C  [KERNEL32.DLL+0x1257d]
C  [ntdll.dll+0x5aa48]


---------------  P R O C E S S  ---------------

Threads class SMR info:
_java_thread_list=0x000001873b521980, length=40, elements={
0x000001871f21ebd0, 0x000001871f2cbf40, 0x000001871f2cd430, 0x00000187330aceb0,
0x00000187330ad880, 0x00000187330ae350, 0x0000018738175000, 0x0000018738175c00,
0x000001873818c8c0, 0x00000187381c08e0, 0x000001871f281370, 0x000001873850e9b0,
0x000001873970af80, 0x00000187392d5470, 0x00000187397f10d0, 0x000001873842dc60,
0x000001873990ab20, 0x00000187399096e0, 0x0000018739909bf0, 0x0000018739907880,
0x00000187399091d0, 0x000001873990a610, 0x0000018739907370, 0x0000018739907d90,
0x00000187399087b0, 0x0000018739908cc0, 0x000001873abfffc0, 0x000001873abf9a80,
0x000001873abffab0, 0x000001873ac004d0, 0x000001873abff090, 0x000001873abf9f90,
0x000001873abfc300, 0x000001873abfc810, 0x000001873abfbdf0, 0x000001873abfcd20,
0x000001873abff5a0, 0x000001873abfd740, 0x000001873abfe670, 0x000001873abf9060
}

Java Threads: ( => current thread )
  0x000001871f21ebd0 JavaThread "main" [_thread_blocked, id=31864, stack(0x00000084c4000000,0x00000084c4100000)]
  0x000001871f2cbf40 JavaThread "Reference Handler" daemon [_thread_blocked, id=4184, stack(0x00000084c4300000,0x00000084c4400000)]
  0x000001871f2cd430 JavaThread "Finalizer" daemon [_thread_blocked, id=31396, stack(0x00000084c4400000,0x00000084c4500000)]
  0x00000187330aceb0 JavaThread "Signal Dispatcher" daemon [_thread_blocked, id=13564, stack(0x00000084c4500000,0x00000084c4600000)]
  0x00000187330ad880 JavaThread "Attach Listener" daemon [_thread_blocked, id=28448, stack(0x00000084c4600000,0x00000084c4700000)]
  0x00000187330ae350 JavaThread "Service Thread" daemon [_thread_blocked, id=5780, stack(0x00000084c4700000,0x00000084c4800000)]
  0x0000018738175000 JavaThread "Monitor Deflation Thread" daemon [_thread_blocked, id=9936, stack(0x00000084c4800000,0x00000084c4900000)]
=>0x0000018738175c00 JavaThread "C2 CompilerThread0" daemon [_thread_in_native, id=24808, stack(0x00000084c4900000,0x00000084c4a00000)]
  0x000001873818c8c0 JavaThread "C1 CompilerThread0" daemon [_thread_blocked, id=19728, stack(0x00000084c4a00000,0x00000084c4b00000)]
  0x00000187381c08e0 JavaThread "Sweeper thread" daemon [_thread_blocked, id=16444, stack(0x00000084c4b00000,0x00000084c4c00000)]
  0x000001871f281370 JavaThread "Common-Cleaner" daemon [_thread_blocked, id=21072, stack(0x00000084c4c00000,0x00000084c4d00000)]
  0x000001873850e9b0 JavaThread "Notification Thread" daemon [_thread_blocked, id=3620, stack(0x00000084c4d00000,0x00000084c4e00000)]
  0x000001873970af80 JavaThread "Active Thread: Equinox Container: 05fbfd6b-66e1-4db6-adba-80c88111acc1" [_thread_blocked, id=2968, stack(0x00000084c5500000,0x00000084c5600000)]
  0x00000187392d5470 JavaThread "Framework Event Dispatcher: Equinox Container: 05fbfd6b-66e1-4db6-adba-80c88111acc1" daemon [_thread_blocked, id=24232, stack(0x00000084c5600000,0x00000084c5700000)]
  0x00000187397f10d0 JavaThread "Start Level: Equinox Container: 05fbfd6b-66e1-4db6-adba-80c88111acc1" daemon [_thread_blocked, id=9884, stack(0x00000084c5700000,0x00000084c5800000)]
  0x000001873842dc60 JavaThread "SCR Component Actor" daemon [_thread_blocked, id=5496, stack(0x00000084c5800000,0x00000084c5900000)]
  0x000001873990ab20 JavaThread "Worker-JM" [_thread_blocked, id=9772, stack(0x00000084c5b00000,0x00000084c5c00000)]
  0x00000187399096e0 JavaThread "Worker-0" [_thread_blocked, id=17504, stack(0x00000084c5c00000,0x00000084c5d00000)]
  0x0000018739909bf0 JavaThread "Worker-1" [_thread_blocked, id=17788, stack(0x00000084c5d00000,0x00000084c5e00000)]
  0x0000018739907880 JavaThread "Worker-2" [_thread_blocked, id=7400, stack(0x00000084c5f00000,0x00000084c6000000)]
  0x00000187399091d0 JavaThread "JNA Cleaner" daemon [_thread_blocked, id=29392, stack(0x00000084c5e00000,0x00000084c5f00000)]
  0x000001873990a610 JavaThread "Thread-2" daemon [_thread_in_native, id=23576, stack(0x00000084c6200000,0x00000084c6300000)]
  0x0000018739907370 JavaThread "Thread-3" daemon [_thread_in_native, id=22492, stack(0x00000084c6300000,0x00000084c6400000)]
  0x0000018739907d90 JavaThread "Thread-4" daemon [_thread_in_native, id=27776, stack(0x00000084c6400000,0x00000084c6500000)]
  0x00000187399087b0 JavaThread "Thread-5" daemon [_thread_in_native, id=19100, stack(0x00000084c6500000,0x00000084c6600000)]
  0x0000018739908cc0 JavaThread "Thread-6" daemon [_thread_in_native, id=32500, stack(0x00000084c6600000,0x00000084c6700000)]
  0x000001873abfffc0 JavaThread "Thread-7" daemon [_thread_in_native, id=11564, stack(0x00000084c6700000,0x00000084c6800000)]
  0x000001873abf9a80 JavaThread "Thread-8" daemon [_thread_in_native, id=20016, stack(0x00000084c6800000,0x00000084c6900000)]
  0x000001873abffab0 JavaThread "Thread-9" daemon [_thread_in_native, id=27460, stack(0x00000084c6900000,0x00000084c6a00000)]
  0x000001873ac004d0 JavaThread "Thread-10" daemon [_thread_in_native, id=11156, stack(0x00000084c6a00000,0x00000084c6b00000)]
  0x000001873abff090 JavaThread "pool-2-thread-1" [_thread_blocked, id=21728, stack(0x00000084c6b00000,0x00000084c6c00000)]
  0x000001873abf9f90 JavaThread "WorkspaceEventsHandler" [_thread_blocked, id=17132, stack(0x00000084c5a00000,0x00000084c5b00000)]
  0x000001873abfc300 JavaThread "pool-1-thread-1" [_thread_blocked, id=13584, stack(0x00000084c6c00000,0x00000084c6d00000)]
  0x000001873abfc810 JavaThread "ForkJoinPool.commonPool-worker-1" daemon [_thread_blocked, id=26912, stack(0x00000084c6d00000,0x00000084c6e00000)]
  0x000001873abfbdf0 JavaThread "ForkJoinPool.commonPool-worker-2" daemon [_thread_blocked, id=22160, stack(0x00000084c6e00000,0x00000084c6f00000)]
  0x000001873abfcd20 JavaThread "ForkJoinPool.commonPool-worker-3" daemon [_thread_blocked, id=19796, stack(0x00000084c6f00000,0x00000084c7000000)]
  0x000001873abff5a0 JavaThread "ForkJoinPool.commonPool-worker-4" daemon [_thread_blocked, id=21304, stack(0x00000084c7000000,0x00000084c7100000)]
  0x000001873abfd740 JavaThread "ForkJoinPool.commonPool-worker-5" daemon [_thread_blocked, id=15916, stack(0x00000084c7100000,0x00000084c7200000)]
  0x000001873abfe670 JavaThread "ForkJoinPool.commonPool-worker-6" daemon [_thread_in_Java, id=17084, stack(0x00000084c7200000,0x00000084c7300000)]
  0x000001873abf9060 JavaThread "ForkJoinPool.commonPool-worker-7" daemon [_thread_blocked, id=25624, stack(0x00000084c7300000,0x00000084c7400000)]

Other Threads:
  0x000001871f2c9b80 VMThread "VM Thread" [stack: 0x00000084c4200000,0x00000084c4300000] [id=28556]
  0x0000018738441d60 WatcherThread [stack: 0x00000084c4e00000,0x00000084c4f00000] [id=31988]
  0x000001871f2336b0 GCTaskThread "GC Thread#0" [stack: 0x00000084c4100000,0x00000084c4200000] [id=10304]
  0x0000018739685e70 GCTaskThread "GC Thread#1" [stack: 0x00000084c4f00000,0x00000084c5000000] [id=2000]
  0x00000187396cec10 GCTaskThread "GC Thread#2" [stack: 0x00000084c5000000,0x00000084c5100000] [id=17180]
  0x0000018739692ad0 GCTaskThread "GC Thread#3" [stack: 0x00000084c5100000,0x00000084c5200000] [id=21540]
  0x00000187396dc3f0 GCTaskThread "GC Thread#4" [stack: 0x00000084c5200000,0x00000084c5300000] [id=15424]
  0x00000187396dc6b0 GCTaskThread "GC Thread#5" [stack: 0x00000084c5300000,0x00000084c5400000] [id=24336]
  0x00000187396e9b90 GCTaskThread "GC Thread#6" [stack: 0x00000084c5400000,0x00000084c5500000] [id=6148]
  0x0000018739ac5890 GCTaskThread "GC Thread#7" [stack: 0x00000084c5900000,0x00000084c5a00000] [id=6792]

Threads with active compile tasks:
C2 CompilerThread0    49939 5655   !   4       org.eclipse.jdt.internal.compiler.classfmt.ClassFileReader::<init> (2158 bytes)

VM state: not at safepoint (normal execution)

VM Mutex/Monitor currently owned by a thread: None

Heap address: 0x00000000c0000000, size: 1024 MB, Compressed Oops mode: 32-bit

CDS archive(s) not mapped
Compressed class space mapped at: 0x0000000100000000-0x0000000140000000, reserved size: 1073741824
Narrow klass base: 0x0000000000000000, Narrow klass shift: 3, Narrow klass range: 0x140000000

GC Precious Log:
 CPUs: 8 total, 8 available
 Memory: 8048M
 Large Page Support: Disabled
 NUMA Support: Disabled
 Compressed Oops: Enabled (32-bit)
 Alignments: Space 512K, Generation 512K, Heap 2M
 Heap Min Capacity: 100M
 Heap Initial Capacity: 100M
 Heap Max Capacity: 1G
 Pre-touch: Disabled
 Parallel Workers: 8

Heap:
 PSYoungGen      total 25088K, used 22715K [0x00000000eab00000, 0x00000000ece80000, 0x0000000100000000)
  eden space 20992K, 88% used [0x00000000eab00000,0x00000000ebd2f1c8,0x00000000ebf80000)
  from space 4096K, 99% used [0x00000000ebf80000,0x00000000ec37fc38,0x00000000ec380000)
  to   space 7680K, 0% used [0x00000000ec700000,0x00000000ec700000,0x00000000ece80000)
 ParOldGen       total 68608K, used 49687K [0x00000000c0000000, 0x00000000c4300000, 0x00000000eab00000)
  object space 68608K, 72% used [0x00000000c0000000,0x00000000c3085f58,0x00000000c4300000)
 Metaspace       used 48504K, committed 49280K, reserved 1114112K
  class space    used 4920K, committed 5248K, reserved 1048576K

Card table byte_map: [0x000001871ebb0000,0x000001871edc0000] _byte_map_base: 0x000001871e5b0000

Marking Bits: (ParMarkBitMap*) 0x00007ff9ffe7d7d0
 Begin Bits: [0x0000018730eb0000, 0x0000018731eb0000)
 End Bits:   [0x0000018731eb0000, 0x0000018732eb0000)

Polling page: 0x000001871d130000

Metaspace:

Usage:
  Non-class:     42.56 MB used.
      Class:      4.81 MB used.
       Both:     47.37 MB used.

Virtual space:
  Non-class space:       64.00 MB reserved,      43.00 MB ( 67%) committed,  1 nodes.
      Class space:        1.00 GB reserved,       5.12 MB ( <1%) committed,  1 nodes.
             Both:        1.06 GB reserved,      48.12 MB (  4%) committed. 

Chunk freelists:
   Non-Class:  4.66 MB
       Class:  10.70 MB
        Both:  15.36 MB

MaxMetaspaceSize: unlimited
CompressedClassSpaceSize: 1.00 GB
Initial GC threshold: 21.00 MB
Current GC threshold: 58.38 MB
CDS: off
MetaspaceReclaimPolicy: balanced
 - commit_granule_bytes: 65536.
 - commit_granule_words: 8192.
 - virtual_space_node_default_size: 8388608.
 - enlarge_chunks_in_place: 1.
 - new_chunks_are_fully_committed: 0.
 - uncommit_free_chunks: 1.
 - use_allocation_guard: 0.
 - handle_deallocations: 1.


Internal statistics:

num_allocs_failed_limit: 6.
num_arena_births: 452.
num_arena_deaths: 14.
num_vsnodes_births: 2.
num_vsnodes_deaths: 0.
num_space_committed: 770.
num_space_uncommitted: 0.
num_chunks_returned_to_freelist: 20.
num_chunks_taken_from_freelist: 2148.
num_chunk_merges: 5.
num_chunk_splits: 1371.
num_chunks_enlarged: 870.
num_inconsistent_stats: 0.

CodeHeap 'non-profiled nmethods': size=120000Kb used=2199Kb max_used=2640Kb free=117800Kb
 bounds [0x0000018729980000, 0x0000018729c20000, 0x0000018730eb0000]
CodeHeap 'profiled nmethods': size=120000Kb used=9690Kb max_used=10748Kb free=110309Kb
 bounds [0x0000018721eb0000, 0x0000018722970000, 0x00000187293e0000]
CodeHeap 'non-nmethods': size=5760Kb used=1333Kb max_used=1404Kb free=4426Kb
 bounds [0x00000187293e0000, 0x0000018729650000, 0x0000018729980000]
 total_blobs=5317 nmethods=4641 adapters=590
 compilation: enabled
              stopped_count=0, restarted_count=0
 full_count=0

Compilation events (20 events):
Event: 49.567 Thread 0x000001873818c8c0 5667       3       sun.nio.fs.WindowsPath::normalize (5 bytes)
Event: 49.568 Thread 0x000001873818c8c0 nmethod 5667 0x0000018722238410 code [0x00000187222385a0, 0x0000018722238748]
Event: 49.610 Thread 0x000001873818c8c0 5668   !   3       org.eclipse.jdt.internal.core.OverflowingLRUCache::makeSpace (139 bytes)
Event: 49.611 Thread 0x000001873818c8c0 nmethod 5668 0x000001872252e690 code [0x000001872252e880, 0x000001872252eda8]
Event: 49.630 Thread 0x000001873818c8c0 5669 % !   3       org.eclipse.jdt.internal.core.ClassFileInfo::generateMethodInfos @ 375 (750 bytes)
Event: 49.654 Thread 0x000001873818c8c0 nmethod 5669% 0x00000187223f0890 code [0x00000187223f1180, 0x00000187223f7188]
Event: 49.654 Thread 0x000001873818c8c0 5670   !   3       org.eclipse.jdt.internal.core.JavaElement::openWhenClosed (172 bytes)
Event: 49.660 Thread 0x000001873818c8c0 nmethod 5670 0x0000018721eb8810 code [0x0000018721eb8c40, 0x0000018721ebb618]
Event: 49.694 Thread 0x000001873818c8c0 5671       3       org.eclipse.jdt.internal.core.OverflowingLRUCache::put (117 bytes)
Event: 49.695 Thread 0x000001873818c8c0 nmethod 5671 0x0000018722546010 code [0x0000018722546240, 0x0000018722546f08]
Event: 49.724 Thread 0x000001873818c8c0 5674   !   2       org.eclipse.jdt.core.Signature::getParameterTypes (117 bytes)
Event: 49.727 Thread 0x000001873818c8c0 nmethod 5674 0x000001872246f990 code [0x000001872246fbe0, 0x0000018722470378]
Event: 49.731 Thread 0x000001873818c8c0 5675       3       org.eclipse.jdt.internal.core.JavaModelCache::peekAtInfo (156 bytes)
Event: 49.733 Thread 0x000001873818c8c0 nmethod 5675 0x0000018721eec690 code [0x0000018721eec9c0, 0x0000018721eee5f8]
Event: 49.781 Thread 0x000001873818c8c0 5677 %s    3       org.eclipse.jdt.internal.core.JavaModelManager::putInfos @ 52 (192 bytes)
Event: 49.783 Thread 0x000001873818c8c0 nmethod 5677% 0x0000018722092f90 code [0x00000187220932e0, 0x0000018722094c28]
Event: 49.783 Thread 0x000001873818c8c0 5678       3       org.eclipse.jdt.internal.core.util.LRUCache::privateAdd (20 bytes)
Event: 49.784 Thread 0x000001873818c8c0 nmethod 5678 0x0000018722575290 code [0x0000018722575440, 0x0000018722575748]
Event: 49.811 Thread 0x000001873818c8c0 5680  s    3       org.eclipse.jdt.internal.core.JavaModelManager::putInfos (192 bytes)
Event: 49.812 Thread 0x000001873818c8c0 nmethod 5680 0x000001872212ca10 code [0x000001872212cd40, 0x000001872212e528]

GC Heap History (20 events):
Event: 23.749 GC heap before
{Heap before GC invocations=26 (full 2):
 PSYoungGen      total 23552K, used 23136K [0x00000000eab00000, 0x00000000ec580000, 0x0000000100000000)
  eden space 20992K, 100% used [0x00000000eab00000,0x00000000ebf80000,0x00000000ebf80000)
  from space 2560K, 83% used [0x00000000ebf80000,0x00000000ec198010,0x00000000ec200000)
  to   space 3072K, 0% used [0x00000000ec280000,0x00000000ec280000,0x00000000ec580000)
 ParOldGen       total 68608K, used 34811K [0x00000000c0000000, 0x00000000c4300000, 0x00000000eab00000)
  object space 68608K, 50% used [0x00000000c0000000,0x00000000c21fec68,0x00000000c4300000)
 Metaspace       used 37813K, committed 38528K, reserved 1114112K
  class space    used 3814K, committed 4160K, reserved 1048576K
}
Event: 23.753 GC heap after
{Heap after GC invocations=26 (full 2):
 PSYoungGen      total 23040K, used 1920K [0x00000000eab00000, 0x00000000ec480000, 0x0000000100000000)
  eden space 20992K, 0% used [0x00000000eab00000,0x00000000eab00000,0x00000000ebf80000)
  from space 2048K, 93% used [0x00000000ec280000,0x00000000ec460000,0x00000000ec480000)
  to   space 2560K, 0% used [0x00000000ebf80000,0x00000000ebf80000,0x00000000ec200000)
 ParOldGen       total 68608K, used 36867K [0x00000000c0000000, 0x00000000c4300000, 0x00000000eab00000)
  object space 68608K, 53% used [0x00000000c0000000,0x00000000c2400c78,0x00000000c4300000)
 Metaspace       used 37813K, committed 38528K, reserved 1114112K
  class space    used 3814K, committed 4160K, reserved 1048576K
}
Event: 23.877 GC heap before
{Heap before GC invocations=27 (full 2):
 PSYoungGen      total 23040K, used 22912K [0x00000000eab00000, 0x00000000ec480000, 0x0000000100000000)
  eden space 20992K, 100% used [0x00000000eab00000,0x00000000ebf80000,0x00000000ebf80000)
  from space 2048K, 93% used [0x00000000ec280000,0x00000000ec460000,0x00000000ec480000)
  to   space 2560K, 0% used [0x00000000ebf80000,0x00000000ebf80000,0x00000000ec200000)
 ParOldGen       total 68608K, used 36867K [0x00000000c0000000, 0x00000000c4300000, 0x00000000eab00000)
  object space 68608K, 53% used [0x00000000c0000000,0x00000000c2400c78,0x00000000c4300000)
 Metaspace       used 37878K, committed 38592K, reserved 1114112K
  class space    used 3817K, committed 4160K, reserved 1048576K
}
Event: 23.881 GC heap after
{Heap after GC invocations=27 (full 2):
 PSYoungGen      total 23552K, used 2560K [0x00000000eab00000, 0x00000000eca80000, 0x0000000100000000)
  eden space 20992K, 0% used [0x00000000eab00000,0x00000000eab00000,0x00000000ebf80000)
  from space 2560K, 100% used [0x00000000ebf80000,0x00000000ec200000,0x00000000ec200000)
  to   space 5632K, 0% used [0x00000000ec500000,0x00000000ec500000,0x00000000eca80000)
 ParOldGen       total 68608K, used 39231K [0x00000000c0000000, 0x00000000c4300000, 0x00000000eab00000)
  object space 68608K, 57% used [0x00000000c0000000,0x00000000c264fc78,0x00000000c4300000)
 Metaspace       used 37878K, committed 38592K, reserved 1114112K
  class space    used 3817K, committed 4160K, reserved 1048576K
}
Event: 24.363 GC heap before
{Heap before GC invocations=28 (full 2):
 PSYoungGen      total 23552K, used 23551K [0x00000000eab00000, 0x00000000eca80000, 0x0000000100000000)
  eden space 20992K, 99% used [0x00000000eab00000,0x00000000ebf7ff48,0x00000000ebf80000)
  from space 2560K, 100% used [0x00000000ebf80000,0x00000000ec200000,0x00000000ec200000)
  to   space 5632K, 0% used [0x00000000ec500000,0x00000000ec500000,0x00000000eca80000)
 ParOldGen       total 68608K, used 39231K [0x00000000c0000000, 0x00000000c4300000, 0x00000000eab00000)
  object space 68608K, 57% used [0x00000000c0000000,0x00000000c264fc78,0x00000000c4300000)
 Metaspace       used 39997K, committed 40640K, reserved 1114112K
  class space    used 4084K, committed 4352K, reserved 1048576K
}
Event: 24.370 GC heap after
{Heap after GC invocations=28 (full 2):
 PSYoungGen      total 23040K, used 1945K [0x00000000eab00000, 0x00000000ec700000, 0x0000000100000000)
  eden space 20992K, 0% used [0x00000000eab00000,0x00000000eab00000,0x00000000ebf80000)
  from space 2048K, 95% used [0x00000000ec500000,0x00000000ec6e6700,0x00000000ec700000)
  to   space 3072K, 0% used [0x00000000ec100000,0x00000000ec100000,0x00000000ec400000)
 ParOldGen       total 68608K, used 41823K [0x00000000c0000000, 0x00000000c4300000, 0x00000000eab00000)
  object space 68608K, 60% used [0x00000000c0000000,0x00000000c28d7c78,0x00000000c4300000)
 Metaspace       used 39997K, committed 40640K, reserved 1114112K
  class space    used 4084K, committed 4352K, reserved 1048576K
}
Event: 25.133 GC heap before
{Heap before GC invocations=29 (full 2):
 PSYoungGen      total 23040K, used 22937K [0x00000000eab00000, 0x00000000ec700000, 0x0000000100000000)
  eden space 20992K, 100% used [0x00000000eab00000,0x00000000ebf80000,0x00000000ebf80000)
  from space 2048K, 95% used [0x00000000ec500000,0x00000000ec6e6700,0x00000000ec700000)
  to   space 3072K, 0% used [0x00000000ec100000,0x00000000ec100000,0x00000000ec400000)
 ParOldGen       total 68608K, used 41823K [0x00000000c0000000, 0x00000000c4300000, 0x00000000eab00000)
  object space 68608K, 60% used [0x00000000c0000000,0x00000000c28d7c78,0x00000000c4300000)
 Metaspace       used 41050K, committed 41792K, reserved 1114112K
  class space    used 4221K, committed 4544K, reserved 1048576K
}
Event: 25.137 GC heap after
{Heap after GC invocations=29 (full 2):
 PSYoungGen      total 24064K, used 480K [0x00000000eab00000, 0x00000000ec580000, 0x0000000100000000)
  eden space 20992K, 0% used [0x00000000eab00000,0x00000000eab00000,0x00000000ebf80000)
  from space 3072K, 15% used [0x00000000ec100000,0x00000000ec178020,0x00000000ec400000)
  to   space 1536K, 0% used [0x00000000ec400000,0x00000000ec400000,0x00000000ec580000)
 ParOldGen       total 68608K, used 43611K [0x00000000c0000000, 0x00000000c4300000, 0x00000000eab00000)
  object space 68608K, 63% used [0x00000000c0000000,0x00000000c2a96da8,0x00000000c4300000)
 Metaspace       used 41050K, committed 41792K, reserved 1114112K
  class space    used 4221K, committed 4544K, reserved 1048576K
}
Event: 26.297 GC heap before
{Heap before GC invocations=30 (full 2):
 PSYoungGen      total 24064K, used 21453K [0x00000000eab00000, 0x00000000ec580000, 0x0000000100000000)
  eden space 20992K, 99% used [0x00000000eab00000,0x00000000ebf7b490,0x00000000ebf80000)
  from space 3072K, 15% used [0x00000000ec100000,0x00000000ec178020,0x00000000ec400000)
  to   space 1536K, 0% used [0x00000000ec400000,0x00000000ec400000,0x00000000ec580000)
 ParOldGen       total 68608K, used 43611K [0x00000000c0000000, 0x00000000c4300000, 0x00000000eab00000)
  object space 68608K, 63% used [0x00000000c0000000,0x00000000c2a96da8,0x00000000c4300000)
 Metaspace       used 43515K, committed 44224K, reserved 1114112K
  class space    used 4422K, committed 4736K, reserved 1048576K
}
Event: 26.298 GC heap after
{Heap after GC invocations=30 (full 2):
 PSYoungGen      total 22016K, used 608K [0x00000000eab00000, 0x00000000ec500000, 0x0000000100000000)
  eden space 20992K, 0% used [0x00000000eab00000,0x00000000eab00000,0x00000000ebf80000)
  from space 1024K, 59% used [0x00000000ec400000,0x00000000ec498000,0x00000000ec500000)
  to   space 1024K, 0% used [0x00000000ec300000,0x00000000ec300000,0x00000000ec400000)
 ParOldGen       total 68608K, used 43923K [0x00000000c0000000, 0x00000000c4300000, 0x00000000eab00000)
  object space 68608K, 64% used [0x00000000c0000000,0x00000000c2ae4dc8,0x00000000c4300000)
 Metaspace       used 43515K, committed 44224K, reserved 1114112K
  class space    used 4422K, committed 4736K, reserved 1048576K
}
Event: 26.530 GC heap before
{Heap before GC invocations=31 (full 2):
 PSYoungGen      total 22016K, used 21600K [0x00000000eab00000, 0x00000000ec500000, 0x0000000100000000)
  eden space 20992K, 100% used [0x00000000eab00000,0x00000000ebf80000,0x00000000ebf80000)
  from space 1024K, 59% used [0x00000000ec400000,0x00000000ec498000,0x00000000ec500000)
  to   space 1024K, 0% used [0x00000000ec300000,0x00000000ec300000,0x00000000ec400000)
 ParOldGen       total 68608K, used 43923K [0x00000000c0000000, 0x00000000c4300000, 0x00000000eab00000)
  object space 68608K, 64% used [0x00000000c0000000,0x00000000c2ae4dc8,0x00000000c4300000)
 Metaspace       used 43793K, committed 44608K, reserved 1114112K
  class space    used 4438K, committed 4800K, reserved 1048576K
}
Event: 26.531 GC heap after
{Heap after GC invocations=31 (full 2):
 PSYoungGen      total 22016K, used 1017K [0x00000000eab00000, 0x00000000ec480000, 0x0000000100000000)
  eden space 20992K, 0% used [0x00000000eab00000,0x00000000eab00000,0x00000000ebf80000)
  from space 1024K, 99% used [0x00000000ec300000,0x00000000ec3fe6a0,0x00000000ec400000)
  to   space 512K, 0% used [0x00000000ec400000,0x00000000ec400000,0x00000000ec480000)
 ParOldGen       total 68608K, used 44432K [0x00000000c0000000, 0x00000000c4300000, 0x00000000eab00000)
  object space 68608K, 64% used [0x00000000c0000000,0x00000000c2b64050,0x00000000c4300000)
 Metaspace       used 43793K, committed 44608K, reserved 1114112K
  class space    used 4438K, committed 4800K, reserved 1048576K
}
Event: 26.779 GC heap before
{Heap before GC invocations=32 (full 2):
 PSYoungGen      total 22016K, used 22009K [0x00000000eab00000, 0x00000000ec480000, 0x0000000100000000)
  eden space 20992K, 100% used [0x00000000eab00000,0x00000000ebf80000,0x00000000ebf80000)
  from space 1024K, 99% used [0x00000000ec300000,0x00000000ec3fe6a0,0x00000000ec400000)
  to   space 512K, 0% used [0x00000000ec400000,0x00000000ec400000,0x00000000ec480000)
 ParOldGen       total 68608K, used 44432K [0x00000000c0000000, 0x00000000c4300000, 0x00000000eab00000)
  object space 68608K, 64% used [0x00000000c0000000,0x00000000c2b64050,0x00000000c4300000)
 Metaspace       used 44989K, committed 45760K, reserved 1114112K
  class space    used 4551K, committed 4864K, reserved 1048576K
}
Event: 26.780 GC heap after
{Heap after GC invocations=32 (full 2):
 PSYoungGen      total 21504K, used 448K [0x00000000eab00000, 0x00000000ec480000, 0x0000000100000000)
  eden space 20992K, 0% used [0x00000000eab00000,0x00000000eab00000,0x00000000ebf80000)
  from space 512K, 87% used [0x00000000ec400000,0x00000000ec470030,0x00000000ec480000)
  to   space 1024K, 0% used [0x00000000ec280000,0x00000000ec280000,0x00000000ec380000)
 ParOldGen       total 68608K, used 44552K [0x00000000c0000000, 0x00000000c4300000, 0x00000000eab00000)
  object space 68608K, 64% used [0x00000000c0000000,0x00000000c2b82050,0x00000000c4300000)
 Metaspace       used 44989K, committed 45760K, reserved 1114112K
  class space    used 4551K, committed 4864K, reserved 1048576K
}
Event: 37.815 GC heap before
{Heap before GC invocations=33 (full 2):
 PSYoungGen      total 21504K, used 21440K [0x00000000eab00000, 0x00000000ec480000, 0x0000000100000000)
  eden space 20992K, 100% used [0x00000000eab00000,0x00000000ebf80000,0x00000000ebf80000)
  from space 512K, 87% used [0x00000000ec400000,0x00000000ec470030,0x00000000ec480000)
  to   space 1024K, 0% used [0x00000000ec280000,0x00000000ec280000,0x00000000ec380000)
 ParOldGen       total 68608K, used 44552K [0x00000000c0000000, 0x00000000c4300000, 0x00000000eab00000)
  object space 68608K, 64% used [0x00000000c0000000,0x00000000c2b82050,0x00000000c4300000)
 Metaspace       used 47258K, committed 48128K, reserved 1114112K
  class space    used 4761K, committed 5120K, reserved 1048576K
}
Event: 37.817 GC heap after
{Heap after GC invocations=33 (full 2):
 PSYoungGen      total 22016K, used 793K [0x00000000eab00000, 0x00000000ec480000, 0x0000000100000000)
  eden space 20992K, 0% used [0x00000000eab00000,0x00000000eab00000,0x00000000ebf80000)
  from space 1024K, 77% used [0x00000000ec280000,0x00000000ec346490,0x00000000ec380000)
  to   space 1024K, 0% used [0x00000000ec380000,0x00000000ec380000,0x00000000ec480000)
 ParOldGen       total 68608K, used 44790K [0x00000000c0000000, 0x00000000c4300000, 0x00000000eab00000)
  object space 68608K, 65% used [0x00000000c0000000,0x00000000c2bbdab0,0x00000000c4300000)
 Metaspace       used 47258K, committed 48128K, reserved 1114112K
  class space    used 4761K, committed 5120K, reserved 1048576K
}
Event: 47.703 GC heap before
{Heap before GC invocations=34 (full 2):
 PSYoungGen      total 22016K, used 21785K [0x00000000eab00000, 0x00000000ec480000, 0x0000000100000000)
  eden space 20992K, 100% used [0x00000000eab00000,0x00000000ebf80000,0x00000000ebf80000)
  from space 1024K, 77% used [0x00000000ec280000,0x00000000ec346490,0x00000000ec380000)
  to   space 1024K, 0% used [0x00000000ec380000,0x00000000ec380000,0x00000000ec480000)
 ParOldGen       total 68608K, used 44790K [0x00000000c0000000, 0x00000000c4300000, 0x00000000eab00000)
  object space 68608K, 65% used [0x00000000c0000000,0x00000000c2bbdab0,0x00000000c4300000)
 Metaspace       used 48412K, committed 49216K, reserved 1114112K
  class space    used 4916K, committed 5248K, reserved 1048576K
}
Event: 47.713 GC heap after
{Heap after GC invocations=34 (full 2):
 PSYoungGen      total 22016K, used 996K [0x00000000eab00000, 0x00000000ec780000, 0x0000000100000000)
  eden space 20992K, 0% used [0x00000000eab00000,0x00000000eab00000,0x00000000ebf80000)
  from space 1024K, 97% used [0x00000000ec380000,0x00000000ec479008,0x00000000ec480000)
  to   space 4096K, 0% used [0x00000000ebf80000,0x00000000ebf80000,0x00000000ec380000)
 ParOldGen       total 68608K, used 47214K [0x00000000c0000000, 0x00000000c4300000, 0x00000000eab00000)
  object space 68608K, 68% used [0x00000000c0000000,0x00000000c2e1b898,0x00000000c4300000)
 Metaspace       used 48412K, committed 49216K, reserved 1114112K
  class space    used 4916K, committed 5248K, reserved 1048576K
}
Event: 49.052 GC heap before
{Heap before GC invocations=35 (full 2):
 PSYoungGen      total 22016K, used 21988K [0x00000000eab00000, 0x00000000ec780000, 0x0000000100000000)
  eden space 20992K, 100% used [0x00000000eab00000,0x00000000ebf80000,0x00000000ebf80000)
  from space 1024K, 97% used [0x00000000ec380000,0x00000000ec479008,0x00000000ec480000)
  to   space 4096K, 0% used [0x00000000ebf80000,0x00000000ebf80000,0x00000000ec380000)
 ParOldGen       total 68608K, used 47214K [0x00000000c0000000, 0x00000000c4300000, 0x00000000eab00000)
  object space 68608K, 68% used [0x00000000c0000000,0x00000000c2e1b898,0x00000000c4300000)
 Metaspace       used 48502K, committed 49280K, reserved 1114112K
  class space    used 4920K, committed 5248K, reserved 1048576K
}
Event: 49.064 GC heap after
{Heap after GC invocations=35 (full 2):
 PSYoungGen      total 25088K, used 4095K [0x00000000eab00000, 0x00000000ece80000, 0x0000000100000000)
  eden space 20992K, 0% used [0x00000000eab00000,0x00000000eab00000,0x00000000ebf80000)
  from space 4096K, 99% used [0x00000000ebf80000,0x00000000ec37fc38,0x00000000ec380000)
  to   space 7680K, 0% used [0x00000000ec700000,0x00000000ec700000,0x00000000ece80000)
 ParOldGen       total 68608K, used 49687K [0x00000000c0000000, 0x00000000c4300000, 0x00000000eab00000)
  object space 68608K, 72% used [0x00000000c0000000,0x00000000c3085f58,0x00000000c4300000)
 Metaspace       used 48502K, committed 49280K, reserved 1114112K
  class space    used 4920K, committed 5248K, reserved 1048576K
}

Dll operation events (10 events):
Event: 0.189 Loaded shared library c:\Users\kei02\.vscode\extensions\redhat.java-1.30.0-win32-x64\jre\17.0.10-win32-x86_64\bin\java.dll
Event: 1.798 Loaded shared library c:\Users\kei02\.vscode\extensions\redhat.java-1.30.0-win32-x64\jre\17.0.10-win32-x86_64\bin\zip.dll
Event: 1.827 Loaded shared library C:\Users\kei02\.vscode\extensions\redhat.java-1.30.0-win32-x64\jre\17.0.10-win32-x86_64\bin\instrument.dll
Event: 1.907 Loaded shared library C:\Users\kei02\.vscode\extensions\redhat.java-1.30.0-win32-x64\jre\17.0.10-win32-x86_64\bin\net.dll
Event: 1.925 Loaded shared library C:\Users\kei02\.vscode\extensions\redhat.java-1.30.0-win32-x64\jre\17.0.10-win32-x86_64\bin\nio.dll
Event: 1.979 Loaded shared library C:\Users\kei02\.vscode\extensions\redhat.java-1.30.0-win32-x64\jre\17.0.10-win32-x86_64\bin\zip.dll
Event: 2.149 Loaded shared library C:\Users\kei02\.vscode\extensions\redhat.java-1.30.0-win32-x64\jre\17.0.10-win32-x86_64\bin\jimage.dll
Event: 2.458 Loaded shared library c:\Users\kei02\.vscode\extensions\redhat.java-1.30.0-win32-x64\jre\17.0.10-win32-x86_64\bin\verify.dll
Event: 15.312 Loaded shared library C:\Users\kei02\AppData\Roaming\Code\User\globalStorage\redhat.java\1.30.0\config_ss_win\org.eclipse.equinox.launcher\org.eclipse.equinox.launcher.win32.win32.x86_64_1.2.900.v20240213-1244\eclipse_11900.dll
Event: 21.407 Loaded shared library C:\Users\kei02\AppData\Local\Temp\jna-101928081\jna10472273498350094070.dll

Deoptimization events (20 events):
Event: 49.725 Thread 0x000001873abfe670 DEOPT PACKING pc=0x00000187220cebef sp=0x00000084c72fdbf0
Event: 49.725 Thread 0x000001873abfe670 DEOPT UNPACKING pc=0x0000018729436e43 sp=0x00000084c72fd028 mode 0
Event: 49.735 Thread 0x000001873abfe670 DEOPT PACKING pc=0x000001872288d265 sp=0x00000084c72fdad0
Event: 49.735 Thread 0x000001873abfe670 DEOPT UNPACKING pc=0x0000018729436e43 sp=0x00000084c72fd070 mode 0
Event: 49.771 Thread 0x000001873abfe670 DEOPT PACKING pc=0x0000018721f4faf0 sp=0x00000084c72fda20
Event: 49.771 Thread 0x000001873abfe670 DEOPT UNPACKING pc=0x0000018729436e43 sp=0x00000084c72fce98 mode 0
Event: 49.785 Thread 0x000001873abfe670 DEOPT PACKING pc=0x00000187225b724e sp=0x00000084c72fd760
Event: 49.785 Thread 0x000001873abfe670 DEOPT UNPACKING pc=0x0000018729436e43 sp=0x00000084c72fcca0 mode 0
Event: 49.789 Thread 0x000001873abfe670 DEOPT PACKING pc=0x0000018721f4faf0 sp=0x00000084c72fda20
Event: 49.789 Thread 0x000001873abfe670 DEOPT UNPACKING pc=0x0000018729436e43 sp=0x00000084c72fce98 mode 0
Event: 49.795 Thread 0x000001873abfe670 DEOPT PACKING pc=0x000001872288d265 sp=0x00000084c72fdad0
Event: 49.795 Thread 0x000001873abfe670 DEOPT UNPACKING pc=0x0000018729436e43 sp=0x00000084c72fd070 mode 0
Event: 49.801 Thread 0x000001873abfe670 DEOPT PACKING pc=0x0000018721f4faf0 sp=0x00000084c72fda20
Event: 49.802 Thread 0x000001873abfe670 DEOPT UNPACKING pc=0x0000018729436e43 sp=0x00000084c72fce98 mode 0
Event: 49.817 Thread 0x000001873abfe670 DEOPT PACKING pc=0x0000018721f4faf0 sp=0x00000084c72fdb20
Event: 49.817 Thread 0x000001873abfe670 DEOPT UNPACKING pc=0x0000018729436e43 sp=0x00000084c72fcf98 mode 0
Event: 49.823 Thread 0x000001873abfe670 DEOPT PACKING pc=0x000001872288d265 sp=0x00000084c72fdad0
Event: 49.823 Thread 0x000001873abfe670 DEOPT UNPACKING pc=0x0000018729436e43 sp=0x00000084c72fd070 mode 0
Event: 49.852 Thread 0x000001873abfe670 DEOPT PACKING pc=0x0000018721f4faf0 sp=0x00000084c72fda20
Event: 49.852 Thread 0x000001873abfe670 DEOPT UNPACKING pc=0x0000018729436e43 sp=0x00000084c72fce98 mode 0

Classes unloaded (7 events):
Event: 16.775 Thread 0x000001871f2c9b80 Unloading class 0x0000000100219400 'java/lang/invoke/LambdaForm$MH+0x0000000100219400'
Event: 16.775 Thread 0x000001871f2c9b80 Unloading class 0x0000000100219000 'java/lang/invoke/LambdaForm$MH+0x0000000100219000'
Event: 16.775 Thread 0x000001871f2c9b80 Unloading class 0x0000000100218c00 'java/lang/invoke/LambdaForm$MH+0x0000000100218c00'
Event: 16.775 Thread 0x000001871f2c9b80 Unloading class 0x0000000100218800 'java/lang/invoke/LambdaForm$MH+0x0000000100218800'
Event: 16.775 Thread 0x000001871f2c9b80 Unloading class 0x0000000100218400 'java/lang/invoke/LambdaForm$BMH+0x0000000100218400'
Event: 16.775 Thread 0x000001871f2c9b80 Unloading class 0x0000000100218000 'java/lang/invoke/LambdaForm$DMH+0x0000000100218000'
Event: 16.775 Thread 0x000001871f2c9b80 Unloading class 0x0000000100214400 'java/lang/invoke/LambdaForm$DMH+0x0000000100214400'

Classes redefined (0 events):
No events

Internal exceptions (20 events):
Event: 27.052 Thread 0x0000018739907880 Exception <a 'java/io/FileNotFoundException'{0x00000000eb0810c8}> (0x00000000eb0810c8) 
thrown [s\src\hotspot\share\prims\jni.cpp, line 516]
Event: 27.053 Thread 0x0000018739907880 Exception <a 'java/io/FileNotFoundException'{0x00000000eb082230}> (0x00000000eb082230) 
thrown [s\src\hotspot\share\prims\jni.cpp, line 516]
Event: 27.054 Thread 0x0000018739907880 Exception <a 'java/io/FileNotFoundException'{0x00000000eb083c50}> (0x00000000eb083c50) 
thrown [s\src\hotspot\share\prims\jni.cpp, line 516]
Event: 27.055 Thread 0x0000018739907880 Exception <a 'java/io/FileNotFoundException'{0x00000000eb085208}> (0x00000000eb085208) 
thrown [s\src\hotspot\share\prims\jni.cpp, line 516]
Event: 27.056 Thread 0x0000018739907880 Exception <a 'java/io/FileNotFoundException'{0x00000000eb0863a8}> (0x00000000eb0863a8) 
thrown [s\src\hotspot\share\prims\jni.cpp, line 516]
Event: 28.219 Thread 0x000001873abf9060 Exception <a 'java/lang/ArrayIndexOutOfBoundsException'{0x00000000eb1d95d0}> (0x00000000eb1d95d0) 
thrown [s\src\hotspot\share\runtime\sharedRuntime.cpp, line 631]
Event: 29.908 Thread 0x000001873abf9060 Exception <a 'java/lang/ArrayIndexOutOfBoundsException'{0x00000000eb40e6a8}> (0x00000000eb40e6a8) 
thrown [s\src\hotspot\share\runtime\sharedRuntime.cpp, line 631]
Event: 33.548 Thread 0x000001873abfe670 Exception <a 'java/lang/ArrayIndexOutOfBoundsException'{0x00000000eb4c3678}> (0x00000000eb4c3678) 
thrown [s\src\hotspot\share\runtime\sharedRuntime.cpp, line 631]
Event: 34.126 Thread 0x000001873abfe670 Exception <a 'java/lang/ArrayIndexOutOfBoundsException'{0x00000000eb4d1f50}> (0x00000000eb4d1f50) 
thrown [s\src\hotspot\share\runtime\sharedRuntime.cpp, line 631]
Event: 34.354 Thread 0x0000018739909bf0 Exception <a 'java/lang/NoSuchMethodError'{0x00000000eb614e38}: 'int java.lang.invoke.DirectMethodHandle$Holder.invokeSpecialIFC(java.lang.Object, java.lang.Object, java.lang.Object)'> (0x00000000eb614e38) 
thrown [s\src\hotspot\share\interpreter\linkResolver.cpp, line 759]
Event: 34.487 Thread 0x0000018739909bf0 Implicit null exception at 0x0000018729bf27c7 to 0x0000018729bf3fb4
Event: 36.343 Thread 0x000001873abfe670 Exception <a 'java/lang/NoSuchMethodError'{0x00000000ebb5f220}: 'int java.lang.invoke.DirectMethodHandle$Holder.invokeInterface(java.lang.Object, java.lang.Object)'> (0x00000000ebb5f220) 
thrown [s\src\hotspot\share\interpreter\linkResolver.cpp, line 759]
Event: 36.343 Thread 0x000001873abfe670 Exception <a 'java/lang/IncompatibleClassChangeError'{0x00000000ebb627b0}: Found class java.lang.Object, but interface was expected> (0x00000000ebb627b0) 
thrown [s\src\hotspot\share\interpreter\linkResolver.cpp, line 826]
Event: 37.493 Thread 0x000001873abfe670 Exception <a 'java/lang/ArrayIndexOutOfBoundsException'{0x00000000ebef7b38}> (0x00000000ebef7b38) 
thrown [s\src\hotspot\share\runtime\sharedRuntime.cpp, line 631]
Event: 45.498 Thread 0x000001873abfe670 Exception <a 'java/lang/ArrayIndexOutOfBoundsException'{0x00000000ead79438}> (0x00000000ead79438) 
thrown [s\src\hotspot\share\runtime\sharedRuntime.cpp, line 631]
Event: 46.017 Thread 0x000001873abfe670 Exception <a 'java/lang/ArrayIndexOutOfBoundsException'{0x00000000eb1647f8}: Index 243 out of bounds for length 243> (0x00000000eb1647f8) 
thrown [s\src\hotspot\share\interpreter\interpreterRuntime.cpp, line 428]
Event: 46.017 Thread 0x000001873abfe670 Exception <a 'java/lang/ArrayIndexOutOfBoundsException'{0x00000000eb164b18}: Index 243 out of bounds for length 243> (0x00000000eb164b18) 
thrown [s\src\hotspot\share\interpreter\interpreterRuntime.cpp, line 428]
Event: 46.028 Thread 0x000001873abfe670 Exception <a 'java/lang/ArrayIndexOutOfBoundsException'{0x00000000eb179768}: Index 243 out of bounds for length 243> (0x00000000eb179768) 
thrown [s\src\hotspot\share\interpreter\interpreterRuntime.cpp, line 428]
Event: 46.029 Thread 0x000001873abfe670 Exception <a 'java/lang/ArrayIndexOutOfBoundsException'{0x00000000eb179a88}: Index 243 out of bounds for length 243> (0x00000000eb179a88) 
thrown [s\src\hotspot\share\interpreter\interpreterRuntime.cpp, line 428]
Event: 46.030 Thread 0x000001873abfe670 Exception <a 'java/lang/ArrayIndexOutOfBoundsException'{0x00000000eb17a268}: Index 243 out of bounds for length 243> (0x00000000eb17a268) 
thrown [s\src\hotspot\share\interpreter\interpreterRuntime.cpp, line 428]

VM Operations (20 events):
Event: 45.991 Executing VM operation: HandshakeAllThreads
Event: 45.991 Executing VM operation: HandshakeAllThreads done
Event: 45.997 Executing VM operation: HandshakeAllThreads
Event: 45.997 Executing VM operation: HandshakeAllThreads done
Event: 46.018 Executing VM operation: HandshakeAllThreads
Event: 46.018 Executing VM operation: HandshakeAllThreads done
Event: 46.358 Executing VM operation: ICBufferFull
Event: 46.359 Executing VM operation: ICBufferFull done
Event: 46.639 Executing VM operation: HandshakeAllThreads
Event: 46.639 Executing VM operation: HandshakeAllThreads done
Event: 47.642 Executing VM operation: Cleanup
Event: 47.647 Executing VM operation: Cleanup done
Event: 47.703 Executing VM operation: ParallelGCFailedAllocation
Event: 47.713 Executing VM operation: ParallelGCFailedAllocation done
Event: 48.301 Executing VM operation: HandshakeAllThreads
Event: 48.301 Executing VM operation: HandshakeAllThreads done
Event: 48.560 Executing VM operation: HandshakeAllThreads
Event: 48.560 Executing VM operation: HandshakeAllThreads done
Event: 49.052 Executing VM operation: ParallelGCFailedAllocation
Event: 49.064 Executing VM operation: ParallelGCFailedAllocation done

Events (20 events):
Event: 46.034 Thread 0x00000187381c08e0 flushing nmethod 0x00000187227ec010
Event: 46.034 Thread 0x00000187381c08e0 flushing nmethod 0x00000187227ecc90
Event: 46.034 Thread 0x00000187381c08e0 flushing nmethod 0x00000187227ed310
Event: 46.034 Thread 0x00000187381c08e0 flushing nmethod 0x00000187227ede10
Event: 46.034 Thread 0x00000187381c08e0 flushing nmethod 0x00000187227eeb10
Event: 46.034 Thread 0x00000187381c08e0 flushing nmethod 0x00000187227ef210
Event: 46.034 Thread 0x00000187381c08e0 flushing nmethod 0x00000187227efb90
Event: 46.034 Thread 0x00000187381c08e0 flushing nmethod 0x00000187227f0f10
Event: 46.034 Thread 0x00000187381c08e0 flushing nmethod 0x00000187227f1410
Event: 46.034 Thread 0x00000187381c08e0 flushing nmethod 0x00000187227f2410
Event: 46.034 Thread 0x00000187381c08e0 flushing nmethod 0x00000187227f2b90
Event: 46.034 Thread 0x00000187381c08e0 flushing nmethod 0x00000187227f2f90
Event: 46.034 Thread 0x00000187381c08e0 flushing nmethod 0x00000187227f6710
Event: 46.034 Thread 0x00000187381c08e0 flushing nmethod 0x00000187227f7010
Event: 46.034 Thread 0x00000187381c08e0 flushing nmethod 0x000001872281e390
Event: 46.034 Thread 0x00000187381c08e0 flushing nmethod 0x0000018722830a90
Event: 46.034 Thread 0x00000187381c08e0 flushing nmethod 0x0000018722832310
Event: 46.034 Thread 0x00000187381c08e0 flushing nmethod 0x0000018722833c10
Event: 46.034 Thread 0x00000187381c08e0 flushing nmethod 0x000001872286b490
Event: 46.035 Thread 0x00000187381c08e0 flushing nmethod 0x0000018722895d10


Dynamic libraries:
0x00007ff7a8440000 - 0x00007ff7a844e000 	c:\Users\kei02\.vscode\extensions\redhat.java-1.30.0-win32-x64\jre\17.0.10-win32-x86_64\bin\java.exe
0x00007ffa83430000 - 0x00007ffa83647000 	C:\WINDOWS\SYSTEM32\ntdll.dll
0x00007ffa81eb0000 - 0x00007ffa81f74000 	C:\WINDOWS\System32\KERNEL32.DLL
0x00007ffa80750000 - 0x00007ffa80af7000 	C:\WINDOWS\System32\KERNELBASE.dll
0x00007ffa80d80000 - 0x00007ffa80e91000 	C:\WINDOWS\System32\ucrtbase.dll
0x00007ffa6f590000 - 0x00007ffa6f5a7000 	c:\Users\kei02\.vscode\extensions\redhat.java-1.30.0-win32-x64\jre\17.0.10-win32-x86_64\bin\jli.dll
0x00007ffa82e00000 - 0x00007ffa82fae000 	C:\WINDOWS\System32\USER32.dll
0x00007ffa80b70000 - 0x00007ffa80b96000 	C:\WINDOWS\System32\win32u.dll
0x00007ffa81f80000 - 0x00007ffa81fa9000 	C:\WINDOWS\System32\GDI32.dll
0x00007ffa80ba0000 - 0x00007ffa80cb9000 	C:\WINDOWS\System32\gdi32full.dll
0x00007ffa810c0000 - 0x00007ffa8115a000 	C:\WINDOWS\System32\msvcp_win.dll
0x00007ffa6f4b0000 - 0x00007ffa6f4cb000 	c:\Users\kei02\.vscode\extensions\redhat.java-1.30.0-win32-x64\jre\17.0.10-win32-x86_64\bin\VCRUNTIME140.dll
0x00007ffa58730000 - 0x00007ffa589c3000 	C:\WINDOWS\WinSxS\amd64_microsoft.windows.common-controls_6595b64144ccf1df_6.0.22621.3527_none_270e469b73872a76\COMCTL32.dll
0x00007ffa81ba0000 - 0x00007ffa81c47000 	C:\WINDOWS\System32\msvcrt.dll
0x00007ffa82db0000 - 0x00007ffa82de1000 	C:\WINDOWS\System32\IMM32.DLL
0x00007ffa72ac0000 - 0x00007ffa72acc000 	c:\Users\kei02\.vscode\extensions\redhat.java-1.30.0-win32-x64\jre\17.0.10-win32-x86_64\bin\vcruntime140_1.dll
0x00007ffa54690000 - 0x00007ffa5471d000 	c:\Users\kei02\.vscode\extensions\redhat.java-1.30.0-win32-x64\jre\17.0.10-win32-x86_64\bin\msvcp140.dll
0x00007ff9ff2e0000 - 0x00007ff9fff42000 	c:\Users\kei02\.vscode\extensions\redhat.java-1.30.0-win32-x64\jre\17.0.10-win32-x86_64\bin\server\jvm.dll
0x00007ffa81c50000 - 0x00007ffa81d02000 	C:\WINDOWS\System32\ADVAPI32.dll
0x00007ffa813a0000 - 0x00007ffa81448000 	C:\WINDOWS\System32\sechost.dll
0x00007ffa81090000 - 0x00007ffa810b8000 	C:\WINDOWS\System32\bcrypt.dll
0x00007ffa82c90000 - 0x00007ffa82da5000 	C:\WINDOWS\System32\RPCRT4.dll
0x00007ffa7f5d0000 - 0x00007ffa7f61d000 	C:\WINDOWS\SYSTEM32\POWRPROF.dll
0x00007ffa70340000 - 0x00007ffa70349000 	C:\WINDOWS\SYSTEM32\WSOCK32.dll
0x00007ffa81d10000 - 0x00007ffa81d81000 	C:\WINDOWS\System32\WS2_32.dll
0x00007ffa774e0000 - 0x00007ffa77514000 	C:\WINDOWS\SYSTEM32\WINMM.dll
0x00007ffa745c0000 - 0x00007ffa745ca000 	C:\WINDOWS\SYSTEM32\VERSION.dll
0x00007ffa7f5b0000 - 0x00007ffa7f5c3000 	C:\WINDOWS\SYSTEM32\UMPDC.dll
0x00007ffa7f860000 - 0x00007ffa7f878000 	C:\WINDOWS\SYSTEM32\kernel.appcore.dll
0x00007ffa70300000 - 0x00007ffa7030a000 	c:\Users\kei02\.vscode\extensions\redhat.java-1.30.0-win32-x64\jre\17.0.10-win32-x86_64\bin\jimage.dll
0x00007ffa7e120000 - 0x00007ffa7e352000 	C:\WINDOWS\SYSTEM32\DBGHELP.DLL
0x00007ffa81fb0000 - 0x00007ffa82338000 	C:\WINDOWS\System32\combase.dll
0x00007ffa81640000 - 0x00007ffa81717000 	C:\WINDOWS\System32\OLEAUT32.dll
0x00007ffa73e90000 - 0x00007ffa73ec2000 	C:\WINDOWS\SYSTEM32\dbgcore.DLL
0x00007ffa80ea0000 - 0x00007ffa80f19000 	C:\WINDOWS\System32\bcryptPrimitives.dll
0x00007ffa6ff20000 - 0x00007ffa6ff2e000 	c:\Users\kei02\.vscode\extensions\redhat.java-1.30.0-win32-x64\jre\17.0.10-win32-x86_64\bin\instrument.dll
0x00007ffa6cea0000 - 0x00007ffa6cec5000 	c:\Users\kei02\.vscode\extensions\redhat.java-1.30.0-win32-x64\jre\17.0.10-win32-x86_64\bin\java.dll
0x00007ffa6d340000 - 0x00007ffa6d358000 	c:\Users\kei02\.vscode\extensions\redhat.java-1.30.0-win32-x64\jre\17.0.10-win32-x86_64\bin\zip.dll
0x00007ffa82430000 - 0x00007ffa82c8c000 	C:\WINDOWS\System32\SHELL32.dll
0x00007ffa7e6a0000 - 0x00007ffa7ef96000 	C:\WINDOWS\SYSTEM32\windows.storage.dll
0x00007ffa7e560000 - 0x00007ffa7e69e000 	C:\WINDOWS\SYSTEM32\wintypes.dll
0x00007ffa81db0000 - 0x00007ffa81ea5000 	C:\WINDOWS\System32\SHCORE.dll
0x00007ffa82fb0000 - 0x00007ffa8300e000 	C:\WINDOWS\System32\shlwapi.dll
0x00007ffa80680000 - 0x00007ffa806a1000 	C:\WINDOWS\SYSTEM32\profapi.dll
0x00007ffa6d270000 - 0x00007ffa6d289000 	C:\Users\kei02\.vscode\extensions\redhat.java-1.30.0-win32-x64\jre\17.0.10-win32-x86_64\bin\net.dll
0x00007ffa77ed0000 - 0x00007ffa78006000 	C:\WINDOWS\SYSTEM32\WINHTTP.dll
0x00007ffa7fcd0000 - 0x00007ffa7fd39000 	C:\WINDOWS\system32\mswsock.dll
0x00007ffa6cff0000 - 0x00007ffa6d006000 	C:\Users\kei02\.vscode\extensions\redhat.java-1.30.0-win32-x64\jre\17.0.10-win32-x86_64\bin\nio.dll
0x00007ffa6fa80000 - 0x00007ffa6fa90000 	c:\Users\kei02\.vscode\extensions\redhat.java-1.30.0-win32-x64\jre\17.0.10-win32-x86_64\bin\verify.dll
0x00007ffa6fba0000 - 0x00007ffa6fbde000 	C:\Users\kei02\AppData\Roaming\Code\User\globalStorage\redhat.java\1.30.0\config_ss_win\org.eclipse.equinox.launcher\org.eclipse.equinox.launcher.win32.win32.x86_64_1.2.900.v20240213-1244\eclipse_11900.dll
0x00007ffa811e0000 - 0x00007ffa81385000 	C:\WINDOWS\System32\ole32.dll
0x00007ffa7ff30000 - 0x00007ffa7ff4b000 	C:\WINDOWS\SYSTEM32\CRYPTSP.dll
0x00007ffa7f7c0000 - 0x00007ffa7f7f5000 	C:\WINDOWS\system32\rsaenh.dll
0x00007ffa7fdd0000 - 0x00007ffa7fdf8000 	C:\WINDOWS\SYSTEM32\USERENV.dll
0x00007ffa7ff50000 - 0x00007ffa7ff5c000 	C:\WINDOWS\SYSTEM32\CRYPTBASE.dll
0x00007ffa7f270000 - 0x00007ffa7f29d000 	C:\WINDOWS\SYSTEM32\IPHLPAPI.DLL
0x00007ffa81390000 - 0x00007ffa81399000 	C:\WINDOWS\System32\NSI.dll
0x00007ffa77b10000 - 0x00007ffa77b29000 	C:\WINDOWS\SYSTEM32\dhcpcsvc6.DLL
0x00007ffa77af0000 - 0x00007ffa77b0f000 	C:\WINDOWS\SYSTEM32\dhcpcsvc.DLL
0x00007ffa7f2a0000 - 0x00007ffa7f398000 	C:\WINDOWS\SYSTEM32\DNSAPI.dll
0x00007ffa6d2d0000 - 0x00007ffa6d315000 	C:\Users\kei02\AppData\Local\Temp\jna-101928081\jna10472273498350094070.dll
0x00007ffa81520000 - 0x00007ffa81528000 	C:\WINDOWS\System32\PSAPI.DLL

dbghelp: loaded successfully - version: 4.0.5 - missing functions: none
symbol engine: initialized successfully - sym options: 0x614 - pdb path: .;c:\Users\kei02\.vscode\extensions\redhat.java-1.30.0-win32-x64\jre\17.0.10-win32-x86_64\bin;C:\WINDOWS\SYSTEM32;C:\WINDOWS\WinSxS\amd64_microsoft.windows.common-controls_6595b64144ccf1df_6.0.22621.3527_none_270e469b73872a76;c:\Users\kei02\.vscode\extensions\redhat.java-1.30.0-win32-x64\jre\17.0.10-win32-x86_64\bin\server;C:\Users\kei02\AppData\Roaming\Code\User\globalStorage\redhat.java\1.30.0\config_ss_win\org.eclipse.equinox.launcher\org.eclipse.equinox.launcher.win32.win32.x86_64_1.2.900.v20240213-1244;C:\Users\kei02\AppData\Local\Temp\jna-101928081

VM Arguments:
jvm_args: --add-modules=ALL-SYSTEM --add-opens=java.base/java.util=ALL-UNNAMED --add-opens=java.base/java.lang=ALL-UNNAMED --add-opens=java.base/sun.nio.fs=ALL-UNNAMED -Declipse.application=org.eclipse.jdt.ls.core.id1 -Dosgi.bundles.defaultStartLevel=4 -Declipse.product=org.eclipse.jdt.ls.core.product -Djava.import.generatesMetadataFilesAtProjectRoot=false -DDetectVMInstallationsJob.disabled=true -Dfile.encoding=utf8 -XX:+UseParallelGC -XX:GCTimeRatio=4 -XX:AdaptiveSizePolicyWeight=90 -Dsun.zip.disableMemoryMapping=true -Xmx1G -Xms100m -Xlog:disable -javaagent:c:\Users\kei02\.vscode\extensions\redhat.java-1.30.0-win32-x64\lombok\lombok-1.18.32.jar 
java_command: c:\Users\kei02\.vscode\extensions\redhat.java-1.30.0-win32-x64\server\plugins\org.eclipse.equinox.launcher_1.6.800.v20240330-1250.jar -configuration c:\Users\kei02\AppData\Roaming\Code\User\globalStorage\redhat.java\1.30.0\config_ss_win -data c:\Users\kei02\AppData\Roaming\Code\User\workspaceStorage\7f6d1856fb09382bce22522fa1089d21\redhat.java\ss_ws --pipe=\\.\pipe\lsp-9145137c9744e24699348c23fdef1d5e-sock
java_class_path (initial): c:\Users\kei02\.vscode\extensions\redhat.java-1.30.0-win32-x64\server\plugins\org.eclipse.equinox.launcher_1.6.800.v20240330-1250.jar
Launcher Type: SUN_STANDARD

[Global flags]
    uintx AdaptiveSizePolicyWeight                 = 90                                        {product} {command line}
     intx CICompilerCount                          = 4                                         {product} {ergonomic}
    uintx GCTimeRatio                              = 4                                         {product} {command line}
   size_t InitialHeapSize                          = 104857600                                 {product} {command line}
   size_t MaxHeapSize                              = 1073741824                                {product} {command line}
   size_t MaxNewSize                               = 357564416                                 {product} {ergonomic}
   size_t MinHeapDeltaBytes                        = 524288                                    {product} {ergonomic}
   size_t MinHeapSize                              = 104857600                                 {product} {command line}
   size_t NewSize                                  = 34603008                                  {product} {ergonomic}
    uintx NonNMethodCodeHeapSize                   = 5839372                                {pd product} {ergonomic}
    uintx NonProfiledCodeHeapSize                  = 122909434                              {pd product} {ergonomic}
   size_t OldSize                                  = 70254592                                  {product} {ergonomic}
    uintx ProfiledCodeHeapSize                     = 122909434                              {pd product} {ergonomic}
    uintx ReservedCodeCacheSize                    = 251658240                              {pd product} {ergonomic}
     bool SegmentedCodeCache                       = true                                      {product} {ergonomic}
   size_t SoftMaxHeapSize                          = 1073741824                             {manageable} {ergonomic}
     bool UseCompressedClassPointers               = true                           {product lp64_product} {ergonomic}
     bool UseCompressedOops                        = true                           {product lp64_product} {ergonomic}
     bool UseLargePagesIndividualAllocation        = false                                  {pd product} {ergonomic}
     bool UseParallelGC                            = true                                      {product} {command line}

Logging:
Log output configuration:
 #0: stdout all=off uptime,level,tags
 #1: stderr all=off uptime,level,tags

Environment Variables:
JAVA_HOME=C:\Program Files\Eclipse Adoptium\jdk-11.0.22.7-hotspot
PATH=C:\Program Files\Eclipse Adoptium\jdk-17.0.11.9-hotspot\bin;C:\Program Files\nodejs\;C:\Program Files\Eclipse Adoptium\jdk-11.0.22.7-hotspot\bin;C:\Programs\apache-tomcat-9.0.87\bin;C:\WINDOWS\system32;C:\WINDOWS;C:\WINDOWS\System32\Wbem;C:\WINDOWS\System32\WindowsPowerShell\v1.0\;C:\WINDOWS\System32\OpenSSH\;C:\Program Files\Eclipse Adoptium\jdk-11.0.22.7-hotspot\bin;C:\Program Files\Git\cmd;C:\Program Files\MySQL\MySQL Shell 8.0\bin\;C:\Users\kei02\AppData\Local\Microsoft\WindowsApps;C:\Users\kei02\AppData\Local\Programs\Microsoft VS Code\bin;C:\Users\kei02\AppData\Local\GitHubDesktop\bin;;C:\Users\kei02\AppData\Local\afreeca;C:\Users\kei02\AppData\Roaming\npm
USERNAME=kei02
OS=Windows_NT
PROCESSOR_IDENTIFIER=Intel64 Family 6 Model 142 Stepping 11, GenuineIntel
TMP=C:\Users\kei02\AppData\Local\Temp
TEMP=C:\Users\kei02\AppData\Local\Temp



Periodic native trim disabled


---------------  S Y S T E M  ---------------

OS:
 Windows 11 , 64 bit Build 22621 (10.0.22621.3527)
OS uptime: 11 days 4:37 hours

CPU: total 8 (initial active 8) (4 cores per cpu, 2 threads per core) family 6 model 142 stepping 11 microcode 0xde, cx8, cmov, fxsr, ht, mmx, 3dnowpref, sse, sse2, sse3, ssse3, sse4.1, sse4.2, popcnt, lzcnt, tsc, tscinvbit, avx, avx2, aes, erms, clmul, bmi1, bmi2, adx, fma, vzeroupper, clflush, clflushopt
Processor Information for all 8 processors :
  Max Mhz: 1800, Current Mhz: 1600, Mhz Limit: 1584

Memory: 4k page, system-wide physical 8048M (449M free)
TotalPageFile size 25248M (AvailPageFile size 306M)
current process WorkingSet (physical memory assigned to process): 219M, peak: 219M
current process commit charge ("private bytes"): 283M, peak: 286M

vm_info: OpenJDK 64-Bit Server VM (17.0.10+7) for windows-amd64 JRE (17.0.10+7), built on Jan 16 2024 23:25:11 by "admin" with MS VC++ 16.10 / 16.11 (VS2019)

END.
